Using pre-set license
Built from '2021.3/staging' branch; Version is '2021.3.6f1 (7da38d85baf6) revision 8233869'; Using compiler version '192829333'; Build Type 'Release'
OS: 'Windows 11  (10.0.22000) 64bit Professional' Language: 'en' Physical Memory: 16251 MB
BatchMode: 1, IsHumanControllingUs: 0, StartBugReporterOnCrash: 0, Is64bit: 1, IsPro: 1

COMMAND LINE ARGUMENTS:
C:\Program Files\Unity\Hub\Editor\2021.3.6f1\Editor\Unity.exe
-adb2
-batchMode
-noUpm
-name
AssetImportWorker3
-projectPath
D:/Products/ShooterBoy
-logFile
Logs/AssetImportWorker3.log
-srvPort
53360
Successfully changed project path to: D:/Products/ShooterBoy
D:/Products/ShooterBoy
[UnityMemory] Configuration Parameters - Can be set up in boot.config
    "memorysetup-bucket-allocator-granularity=16"
    "memorysetup-bucket-allocator-bucket-count=8"
    "memorysetup-bucket-allocator-block-size=33554432"
    "memorysetup-bucket-allocator-block-count=8"
    "memorysetup-main-allocator-block-size=16777216"
    "memorysetup-thread-allocator-block-size=16777216"
    "memorysetup-gfx-main-allocator-block-size=16777216"
    "memorysetup-gfx-thread-allocator-block-size=16777216"
    "memorysetup-cache-allocator-block-size=4194304"
    "memorysetup-typetree-allocator-block-size=2097152"
    "memorysetup-profiler-bucket-allocator-granularity=16"
    "memorysetup-profiler-bucket-allocator-bucket-count=8"
    "memorysetup-profiler-bucket-allocator-block-size=33554432"
    "memorysetup-profiler-bucket-allocator-block-count=8"
    "memorysetup-profiler-allocator-block-size=16777216"
    "memorysetup-profiler-editor-allocator-block-size=1048576"
    "memorysetup-temp-allocator-size-main=16777216"
    "memorysetup-job-temp-allocator-block-size=2097152"
    "memorysetup-job-temp-allocator-block-size-background=1048576"
    "memorysetup-job-temp-allocator-reduction-small-platforms=262144"
    "memorysetup-temp-allocator-size-background-worker=32768"
    "memorysetup-temp-allocator-size-job-worker=262144"
    "memorysetup-temp-allocator-size-preload-manager=33554432"
    "memorysetup-temp-allocator-size-nav-mesh-worker=65536"
    "memorysetup-temp-allocator-size-audio-worker=65536"
    "memorysetup-temp-allocator-size-cloud-worker=32768"
    "memorysetup-temp-allocator-size-gi-baking-worker=262144"
    "memorysetup-temp-allocator-size-gfx=262144"
Refreshing native plugins compatible for Editor in 108.82 ms, found 7 plugins.
Preloading 0 native plugins for Editor in 0.00 ms.
Initialize engine version: 2021.3.6f1 (7da38d85baf6)
[Subsystems] Discovering subsystems at path C:/Program Files/Unity/Hub/Editor/2021.3.6f1/Editor/Data/Resources/UnitySubsystems
[Subsystems] Discovering subsystems at path D:/Products/ShooterBoy/Assets
GfxDevice: creating device client; threaded=0; jobified=0
Direct3D:
    Version:  Direct3D 11.0 [level 11.1]
    Renderer: NVIDIA GeForce GTX 1660 Ti (ID=0x2182)
    Vendor:   NVIDIA
    VRAM:     5991 MB
    Driver:   27.21.14.6647
Initialize mono
Mono path[0] = 'C:/Program Files/Unity/Hub/Editor/2021.3.6f1/Editor/Data/Managed'
Mono path[1] = 'C:/Program Files/Unity/Hub/Editor/2021.3.6f1/Editor/Data/MonoBleedingEdge/lib/mono/unityjit-win32'
Mono config path = 'C:/Program Files/Unity/Hub/Editor/2021.3.6f1/Editor/Data/MonoBleedingEdge/etc'
Using monoOptions --debugger-agent=transport=dt_socket,embedding=1,server=y,suspend=n,address=127.0.0.1:56552
Begin MonoManager ReloadAssembly
Registering precompiled unity dll's ...
Register platform support module: C:/Program Files/Unity/Hub/Editor/2021.3.6f1/Editor/Data/PlaybackEngines/WebGLSupport/UnityEditor.WebGL.Extensions.dll
Register platform support module: C:/Program Files/Unity/Hub/Editor/2021.3.6f1/Editor/Data/PlaybackEngines/AndroidPlayer/UnityEditor.Android.Extensions.dll
Register platform support module: C:/Program Files/Unity/Hub/Editor/2021.3.6f1/Editor/Data/PlaybackEngines/iOSSupport/UnityEditor.iOS.Extensions.dll
Register platform support module: C:/Program Files/Unity/Hub/Editor/2021.3.6f1/Editor/Data/PlaybackEngines/WindowsStandaloneSupport/UnityEditor.WindowsStandalone.Extensions.dll
Registered in 0.006751 seconds.
Native extension for WindowsStandalone target not found
[usbmuxd] Start listen thread
[usbmuxd] Listen thread started
Native extension for iOS target not found
Native extension for Android target not found
Native extension for WebGL target not found
Refreshing native plugins compatible for Editor in 85.95 ms, found 7 plugins.
Preloading 0 native plugins for Editor in 0.00 ms.
Mono: successfully reloaded assembly
- Completed reload, in  0.573 seconds
Domain Reload Profiling:
	ReloadAssembly (574ms)
		BeginReloadAssembly (66ms)
			ExecutionOrderSort (0ms)
			DisableScriptedObjects (0ms)
			BackupInstance (0ms)
			ReleaseScriptingObjects (0ms)
			CreateAndSetChildDomain (1ms)
		EndReloadAssembly (405ms)
			LoadAssemblies (65ms)
			RebuildTransferFunctionScriptingTraits (0ms)
			SetupTypeCache (82ms)
			ReleaseScriptCaches (0ms)
			RebuildScriptCaches (23ms)
			SetupLoadedEditorAssemblies (259ms)
				LogAssemblyErrors (0ms)
				InitializePlatformSupportModulesInManaged (65ms)
				SetLoadedEditorAssemblies (0ms)
				RefreshPlugins (86ms)
				BeforeProcessingInitializeOnLoad (1ms)
				ProcessInitializeOnLoadAttributes (73ms)
				ProcessInitializeOnLoadMethodAttributes (34ms)
				AfterProcessingInitializeOnLoad (0ms)
				EditorAssembliesLoaded (0ms)
			ExecutionOrderSort2 (0ms)
			AwakeInstancesAfterBackupRestoration (0ms)
Platform modules already initialized, skipping
Registering precompiled user dll's ...
Registered in 0.007761 seconds.
Begin MonoManager ReloadAssembly
Symbol file LoadedFromMemory doesn't match image D:\Products\ShooterBoy\Library\PackageCache\com.unity.visualscripting@1.7.8\Editor\VisualScripting.Core\Dependencies\DotNetZip\Unity.VisualScripting.IonicZip.dll
Symbol file LoadedFromMemory doesn't match image D:\Products\ShooterBoy\Library\PackageCache\com.unity.visualscripting@1.7.8\Editor\VisualScripting.Core\Dependencies\YamlDotNet\Unity.VisualScripting.YamlDotNet.dll
Native extension for WindowsStandalone target not found
Native extension for iOS target not found
Native extension for Android target not found
Native extension for WebGL target not found
Refreshing native plugins compatible for Editor in 84.61 ms, found 7 plugins.
Preloading 0 native plugins for Editor in 0.00 ms.
Mono: successfully reloaded assembly
- Completed reload, in  1.079 seconds
Domain Reload Profiling:
	ReloadAssembly (1080ms)
		BeginReloadAssembly (181ms)
			ExecutionOrderSort (0ms)
			DisableScriptedObjects (4ms)
			BackupInstance (0ms)
			ReleaseScriptingObjects (0ms)
			CreateAndSetChildDomain (116ms)
		EndReloadAssembly (809ms)
			LoadAssemblies (89ms)
			RebuildTransferFunctionScriptingTraits (0ms)
			SetupTypeCache (199ms)
			ReleaseScriptCaches (0ms)
			RebuildScriptCaches (47ms)
			SetupLoadedEditorAssemblies (437ms)
				LogAssemblyErrors (0ms)
				InitializePlatformSupportModulesInManaged (16ms)
				SetLoadedEditorAssemblies (0ms)
				RefreshPlugins (85ms)
				BeforeProcessingInitializeOnLoad (76ms)
				ProcessInitializeOnLoadAttributes (223ms)
				ProcessInitializeOnLoadMethodAttributes (34ms)
				AfterProcessingInitializeOnLoad (3ms)
				EditorAssembliesLoaded (0ms)
			ExecutionOrderSort2 (0ms)
			AwakeInstancesAfterBackupRestoration (4ms)
Platform modules already initialized, skipping
========================================================================
Worker process is ready to serve import requests
Launched and connected shader compiler UnityShaderCompiler.exe after 0.03 seconds
Refreshing native plugins compatible for Editor in 0.88 ms, found 7 plugins.
Preloading 0 native plugins for Editor in 0.00 ms.
Unloading 4493 Unused Serialized files (Serialized files now loaded: 0)
Unloading 98 unused Assets / (57.4 KB). Loaded Objects now: 4927.
Memory consumption went from 167.7 MB to 167.7 MB.
Total: 3.414800 ms (FindLiveObjects: 0.274800 ms CreateObjectMapping: 0.121300 ms MarkObjects: 2.861600 ms  DeleteObjects: 0.156200 ms)

AssetImportParameters requested are different than current active one (requested -> active):
  custom:video-decoder-ogg-theora: a1e56fd34408186e4bbccfd4996cb3dc -> 
  custom:container-muxer-webm: aa71ff27fc2769a1b78a27578f13a17b -> 
  custom:container-demuxer-webm: 4f35f7cbe854078d1ac9338744f61a02 -> 
  custom:video-encoder-webm-vp8: eb34c28f22e8b96e1ab97ce403110664 -> 
  custom:audio-encoder-webm-vorbis: bf7c407c2cedff20999df2af8eb42d56 -> 
  custom:framework-win-MediaFoundation: 216162199b28c13a410421893ffa2e32 -> 
  custom:container-demuxer-ogg: 62fdf1f143b41e24485cea50d1cbac27 -> 
  custom:video-decoder-webm-vp8: 9c59270c3fd7afecdb556c50c9e8de78 -> 
  custom:audio-decoder-ogg-vorbis: bf7c407c2cedff20999df2af8eb42d56 -> 
========================================================================
Received Import Request.
  Time since last request: 6504.280915 seconds.
  path: Assets/[Devloping]/2D/icons/Newest/192 round.png
  artifactKey: Guid(08a2993748ddf5c44a79c3e6a63f80d0) Importer(815301076,1909f56bfc062723c751e8b465ee728b)
Start importing Assets/[Devloping]/2D/icons/Newest/192 round.png using Guid(08a2993748ddf5c44a79c3e6a63f80d0) Importer(815301076,1909f56bfc062723c751e8b465ee728b)  -> (artifact id: '53cafaa848ccd6e9be07633c8eaf9e2f') in 0.145673 seconds 
========================================================================
Received Import Request.
  Time since last request: 0.823964 seconds.
  path: Assets/[Devloping]/2D/icons/Newest/144 round.png
  artifactKey: Guid(fef83e35cd94221449b6ace35424fed7) Importer(815301076,1909f56bfc062723c751e8b465ee728b)
Start importing Assets/[Devloping]/2D/icons/Newest/144 round.png using Guid(fef83e35cd94221449b6ace35424fed7) Importer(815301076,1909f56bfc062723c751e8b465ee728b)  -> (artifact id: '2b0d4895e2bf4bccacbe124ef3b03abb') in 0.020799 seconds 
========================================================================
Received Import Request.
  Time since last request: 0.000096 seconds.
  path: Assets/[Devloping]/2D/icons/Newest/162 round.png
  artifactKey: Guid(07063dde5037bb74799b537cb34314eb) Importer(815301076,1909f56bfc062723c751e8b465ee728b)
Start importing Assets/[Devloping]/2D/icons/Newest/162 round.png using Guid(07063dde5037bb74799b537cb34314eb) Importer(815301076,1909f56bfc062723c751e8b465ee728b)  -> (artifact id: 'fc4dedea372ea58c59a0809e9af60e6b') in 0.019684 seconds 
========================================================================
Received Import Request.
  Time since last request: 73.748704 seconds.
  path: Assets/[Devloping]/2D/icons/Newest/36.png
  artifactKey: Guid(945aff7193d2e6147adf959e34e4fa4a) Importer(815301076,1909f56bfc062723c751e8b465ee728b)
Start importing Assets/[Devloping]/2D/icons/Newest/36.png using Guid(945aff7193d2e6147adf959e34e4fa4a) Importer(815301076,1909f56bfc062723c751e8b465ee728b)  -> (artifact id: 'f66b9fcfed5c48b593a46e6436c58b2e') in 0.031821 seconds 
========================================================================
Received Import Request.
  Time since last request: 0.000037 seconds.
  path: Assets/[Devloping]/2D/icons/Newest/96 round.png
  artifactKey: Guid(0f671d437478ef24aa41fc367dc5f342) Importer(815301076,1909f56bfc062723c751e8b465ee728b)
Start importing Assets/[Devloping]/2D/icons/Newest/96 round.png using Guid(0f671d437478ef24aa41fc367dc5f342) Importer(815301076,1909f56bfc062723c751e8b465ee728b)  -> (artifact id: 'fe607a8b3a1ef5e4ccf2f428961ac4c9') in 0.032452 seconds 
========================================================================
Received Import Request.
  Time since last request: 0.000043 seconds.
  path: Assets/[Devloping]/2D/icons/Newest/81.png
  artifactKey: Guid(8103c87ef9f761448ab8a358e06ade77) Importer(815301076,1909f56bfc062723c751e8b465ee728b)
Start importing Assets/[Devloping]/2D/icons/Newest/81.png using Guid(8103c87ef9f761448ab8a358e06ade77) Importer(815301076,1909f56bfc062723c751e8b465ee728b)  -> (artifact id: 'f20b8b91b4b9321ab8da83f6a89e817d') in 0.026017 seconds 
========================================================================
Received Import Request.
  Time since last request: 0.000089 seconds.
  path: Assets/[Devloping]/2D/icons/Newest/72 round.png
  artifactKey: Guid(9c7547810ad79f54db9081457764b13f) Importer(815301076,1909f56bfc062723c751e8b465ee728b)
Start importing Assets/[Devloping]/2D/icons/Newest/72 round.png using Guid(9c7547810ad79f54db9081457764b13f) Importer(815301076,1909f56bfc062723c751e8b465ee728b)  -> (artifact id: '09f9c106d474c5593be9438e826ea571') in 0.028414 seconds 
========================================================================
Received Import Request.
  Time since last request: 0.000030 seconds.
  path: Assets/[Devloping]/2D/icons/Newest/48.png
  artifactKey: Guid(07a7f05cd1c7e964ba009867a9870765) Importer(815301076,1909f56bfc062723c751e8b465ee728b)
Start importing Assets/[Devloping]/2D/icons/Newest/48.png using Guid(07a7f05cd1c7e964ba009867a9870765) Importer(815301076,1909f56bfc062723c751e8b465ee728b)  -> (artifact id: '2731f8cfe6e0cdd1e92b6d3c87dd86a2') in 0.029927 seconds 
========================================================================
Received Import Request.
  Time since last request: 51.862026 seconds.
  path: Assets/[Devloping]/2D/icons/Newest/Round/72 round.png
  artifactKey: Guid(22c3525d110b05c4abfc7f87a2e6e949) Importer(815301076,1909f56bfc062723c751e8b465ee728b)
Start importing Assets/[Devloping]/2D/icons/Newest/Round/72 round.png using Guid(22c3525d110b05c4abfc7f87a2e6e949) Importer(815301076,1909f56bfc062723c751e8b465ee728b)  -> (artifact id: '768f2c4671b35b312dba45f208d7be00') in 0.012492 seconds 
========================================================================
Received Import Request.
  Time since last request: 0.000027 seconds.
  path: Assets/[Devloping]/2D/icons/Newest/Round/108 round.png
  artifactKey: Guid(033ab76318994d7499e86ae2ec7ee5c7) Importer(815301076,1909f56bfc062723c751e8b465ee728b)
Start importing Assets/[Devloping]/2D/icons/Newest/Round/108 round.png using Guid(033ab76318994d7499e86ae2ec7ee5c7) Importer(815301076,1909f56bfc062723c751e8b465ee728b)  -> (artifact id: '973ca62be1e7da955737ddb0f0c44e8d') in 0.017309 seconds 
========================================================================
Received Import Request.
  Time since last request: 0.000057 seconds.
  path: Assets/[Devloping]/2D/icons/Newest/Round/192 round.png
  artifactKey: Guid(de8066aec3a0b9540be8d93920154441) Importer(815301076,1909f56bfc062723c751e8b465ee728b)
Start importing Assets/[Devloping]/2D/icons/Newest/Round/192 round.png using Guid(de8066aec3a0b9540be8d93920154441) Importer(815301076,1909f56bfc062723c751e8b465ee728b)  -> (artifact id: '6b35f40da4d738c6af745b70769604ec') in 0.016847 seconds 
========================================================================
Received Import Request.
  Time since last request: 0.000048 seconds.
  path: Assets/[Devloping]/2D/icons/Newest/Round/96 round.png
  artifactKey: Guid(8bd49f22e6fd64f41bae6117ff9fa882) Importer(815301076,1909f56bfc062723c751e8b465ee728b)
Start importing Assets/[Devloping]/2D/icons/Newest/Round/96 round.png using Guid(8bd49f22e6fd64f41bae6117ff9fa882) Importer(815301076,1909f56bfc062723c751e8b465ee728b)  -> (artifact id: 'b30d3f7589b2961c525e55e76e3cfd30') in 0.018816 seconds 
========================================================================
Received Import Request.
  Time since last request: 29.677242 seconds.
  path: Assets/[Devloping]/2D/icons/48 round.png
  artifactKey: Guid(51e3181e77eb7414093c412e9670ab48) Importer(815301076,1909f56bfc062723c751e8b465ee728b)
Start importing Assets/[Devloping]/2D/icons/48 round.png using Guid(51e3181e77eb7414093c412e9670ab48) Importer(815301076,1909f56bfc062723c751e8b465ee728b)  -> (artifact id: 'e7f545fbf9b039ad562dda62812d7ea1') in 0.015441 seconds 
========================================================================
Received Import Request.
  Time since last request: 0.000022 seconds.
  path: Assets/[Devloping]/2D/icons/108 round.png
  artifactKey: Guid(9f4d61e8eedc3e2418d0cc4e0d018643) Importer(815301076,1909f56bfc062723c751e8b465ee728b)
Start importing Assets/[Devloping]/2D/icons/108 round.png using Guid(9f4d61e8eedc3e2418d0cc4e0d018643) Importer(815301076,1909f56bfc062723c751e8b465ee728b)  -> (artifact id: '6257d61ef5fc866f03a7c321813fafdb') in 0.016946 seconds 
========================================================================
Received Import Request.
  Time since last request: 0.000040 seconds.
  path: Assets/[Devloping]/2D/icons/72.png
  artifactKey: Guid(11a7357830a3c484aa87de9f45301906) Importer(815301076,1909f56bfc062723c751e8b465ee728b)
Start importing Assets/[Devloping]/2D/icons/72.png using Guid(11a7357830a3c484aa87de9f45301906) Importer(815301076,1909f56bfc062723c751e8b465ee728b)  -> (artifact id: '75e9cf0ec28ceb057632080726b124f8') in 0.014059 seconds 
========================================================================
Received Import Request.
  Time since last request: 0.000036 seconds.
  path: Assets/[Devloping]/2D/icons/162.png
  artifactKey: Guid(b30dc87c63b44064b882e1bafe203296) Importer(815301076,1909f56bfc062723c751e8b465ee728b)
Start importing Assets/[Devloping]/2D/icons/162.png using Guid(b30dc87c63b44064b882e1bafe203296) Importer(815301076,1909f56bfc062723c751e8b465ee728b)  -> (artifact id: '8df700f88f4fe8761cd8cef8edb53bf8') in 0.015961 seconds 
========================================================================
Received Import Request.
  Time since last request: 0.000045 seconds.
  path: Assets/[Devloping]/2D/icons/162 round.png
  artifactKey: Guid(be0306dc328d11348985e47eea8ea988) Importer(815301076,1909f56bfc062723c751e8b465ee728b)
Start importing Assets/[Devloping]/2D/icons/162 round.png using Guid(be0306dc328d11348985e47eea8ea988) Importer(815301076,1909f56bfc062723c751e8b465ee728b)  -> (artifact id: 'b73ecd78581eb3fb235a89501061de47') in 0.016271 seconds 
========================================================================
Received Import Request.
  Time since last request: 19.423976 seconds.
  path: Assets/[Devloping]/2D/icons/324.png
  artifactKey: Guid(6ad57fc9072481e4fb8bae721b76e57c) Importer(815301076,1909f56bfc062723c751e8b465ee728b)
Start importing Assets/[Devloping]/2D/icons/324.png using Guid(6ad57fc9072481e4fb8bae721b76e57c) Importer(815301076,1909f56bfc062723c751e8b465ee728b)  -> (artifact id: '2ba8ad3640f7e60371b572ec571facf5') in 0.014198 seconds 
========================================================================
Received Import Request.
  Time since last request: 0.000039 seconds.
  path: Assets/[Devloping]/2D/icons/432.png
  artifactKey: Guid(4e8d9b8269dad594f9893c298c0b1a3a) Importer(815301076,1909f56bfc062723c751e8b465ee728b)
Start importing Assets/[Devloping]/2D/icons/432.png using Guid(4e8d9b8269dad594f9893c298c0b1a3a) Importer(815301076,1909f56bfc062723c751e8b465ee728b)  -> (artifact id: 'de11f46ad383ad84438c5de0e149b1d0') in 0.017580 seconds 
========================================================================
Received Import Request.
  Time since last request: 7.356326 seconds.
  path: Assets/[Devloping]/2D/icons/108.png
  artifactKey: Guid(148dcdfd4a978af46a4c85d7eaba411e) Importer(815301076,1909f56bfc062723c751e8b465ee728b)
Start importing Assets/[Devloping]/2D/icons/108.png using Guid(148dcdfd4a978af46a4c85d7eaba411e) Importer(815301076,1909f56bfc062723c751e8b465ee728b)  -> (artifact id: 'f8d56052563fb68aa4cce8d3df973e45') in 0.040986 seconds 
========================================================================
Received Import Request.
  Time since last request: 0.000043 seconds.
  path: Assets/[Devloping]/2D/icons/192.png
  artifactKey: Guid(c40d11907af54924ea3e21a1d7e9a838) Importer(815301076,1909f56bfc062723c751e8b465ee728b)
Start importing Assets/[Devloping]/2D/icons/192.png using Guid(c40d11907af54924ea3e21a1d7e9a838) Importer(815301076,1909f56bfc062723c751e8b465ee728b)  -> (artifact id: '7a866c8553e26a073c7e2825d0021692') in 0.031761 seconds 
========================================================================
Received Import Request.
  Time since last request: 0.210838 seconds.
  path: Assets/[Devloping]/2D/icons/72.png
  artifactKey: Guid(11a7357830a3c484aa87de9f45301906) Importer(815301076,1909f56bfc062723c751e8b465ee728b)
Start importing Assets/[Devloping]/2D/icons/72.png using Guid(11a7357830a3c484aa87de9f45301906) Importer(815301076,1909f56bfc062723c751e8b465ee728b)  -> (artifact id: '485a8661290c8bf036c67eb9ce824e5c') in 0.019197 seconds 
========================================================================
Received Import Request.
  Time since last request: 0.604865 seconds.
  path: Assets/[Devloping]/2D/icons/Round/72 round.png
  artifactKey: Guid(e7bba953b60627749851e81f6389f8f2) Importer(815301076,1909f56bfc062723c751e8b465ee728b)
Start importing Assets/[Devloping]/2D/icons/Round/72 round.png using Guid(e7bba953b60627749851e81f6389f8f2) Importer(815301076,1909f56bfc062723c751e8b465ee728b)  -> (artifact id: '4713949326e8457d4fdfc92d51b82804') in 0.009245 seconds 
========================================================================
Received Import Request.
  Time since last request: 0.000032 seconds.
  path: Assets/[Devloping]/2D/icons/Round/162 round.png
  artifactKey: Guid(de839baa216ea1041ba382d3828b7cbd) Importer(815301076,1909f56bfc062723c751e8b465ee728b)
Start importing Assets/[Devloping]/2D/icons/Round/162 round.png using Guid(de839baa216ea1041ba382d3828b7cbd) Importer(815301076,1909f56bfc062723c751e8b465ee728b)  -> (artifact id: '789bdfc614ce772870ec7dbb3a271d55') in 0.013788 seconds 
========================================================================
Received Import Request.
  Time since last request: 0.000076 seconds.
  path: Assets/[Devloping]/2D/icons/Round/81 round.png
  artifactKey: Guid(d2f2a61e2274c3245852f81c9e7848c1) Importer(815301076,1909f56bfc062723c751e8b465ee728b)
Start importing Assets/[Devloping]/2D/icons/Round/81 round.png using Guid(d2f2a61e2274c3245852f81c9e7848c1) Importer(815301076,1909f56bfc062723c751e8b465ee728b)  -> (artifact id: '79536789e4ccf29a98bf63f87f4bea33') in 0.013633 seconds 
========================================================================
Received Import Request.
  Time since last request: 4.514742 seconds.
  path: Assets/[Devloping]/2D/icons/Round/72 round.png
  artifactKey: Guid(e7bba953b60627749851e81f6389f8f2) Importer(815301076,1909f56bfc062723c751e8b465ee728b)
Start importing Assets/[Devloping]/2D/icons/Round/72 round.png using Guid(e7bba953b60627749851e81f6389f8f2) Importer(815301076,1909f56bfc062723c751e8b465ee728b)  -> (artifact id: '058209a4002904e83282480798a1b3c2') in 0.021846 seconds 
========================================================================
Received Import Request.
  Time since last request: 0.000037 seconds.
  path: Assets/[Devloping]/2D/icons/Round/108 round.png
  artifactKey: Guid(cb12224f2e8b18547add9b3fd03d7cd2) Importer(815301076,1909f56bfc062723c751e8b465ee728b)
Start importing Assets/[Devloping]/2D/icons/Round/108 round.png using Guid(cb12224f2e8b18547add9b3fd03d7cd2) Importer(815301076,1909f56bfc062723c751e8b465ee728b)  -> (artifact id: 'b2ab3af8af15970d8fad19653d0e2b7d') in 0.021593 seconds 
Editor requested this worker to shutdown with reason: Scaling down because of idle timeout
AssetImportWorker is now disconnected from the server
Process exiting
Exiting without the bug reporter. Application will terminate with return code 0