Using pre-set license
Built from '2021.3/staging' branch; Version is '2021.3.6f1 (7da38d85baf6) revision 8233869'; Using compiler version '192829333'; Build Type 'Release'
OS: 'Windows 11  (10.0.22000) 64bit Professional' Language: 'en' Physical Memory: 16251 MB
BatchMode: 1, IsHumanControllingUs: 0, StartBugReporterOnCrash: 0, Is64bit: 1, IsPro: 1

COMMAND LINE ARGUMENTS:
C:\Program Files\Unity\Hub\Editor\2021.3.6f1\Editor\Unity.exe
-adb2
-batchMode
-noUpm
-name
AssetImportWorker4
-projectPath
D:/Products/ShooterBoy
-logFile
Logs/AssetImportWorker4.log
-srvPort
53360
Successfully changed project path to: D:/Products/ShooterBoy
D:/Products/ShooterBoy
[UnityMemory] Configuration Parameters - Can be set up in boot.config
    "memorysetup-bucket-allocator-granularity=16"
    "memorysetup-bucket-allocator-bucket-count=8"
    "memorysetup-bucket-allocator-block-size=33554432"
    "memorysetup-bucket-allocator-block-count=8"
    "memorysetup-main-allocator-block-size=16777216"
    "memorysetup-thread-allocator-block-size=16777216"
    "memorysetup-gfx-main-allocator-block-size=16777216"
    "memorysetup-gfx-thread-allocator-block-size=16777216"
    "memorysetup-cache-allocator-block-size=4194304"
    "memorysetup-typetree-allocator-block-size=2097152"
    "memorysetup-profiler-bucket-allocator-granularity=16"
    "memorysetup-profiler-bucket-allocator-bucket-count=8"
    "memorysetup-profiler-bucket-allocator-block-size=33554432"
    "memorysetup-profiler-bucket-allocator-block-count=8"
    "memorysetup-profiler-allocator-block-size=16777216"
    "memorysetup-profiler-editor-allocator-block-size=1048576"
    "memorysetup-temp-allocator-size-main=16777216"
    "memorysetup-job-temp-allocator-block-size=2097152"
    "memorysetup-job-temp-allocator-block-size-background=1048576"
    "memorysetup-job-temp-allocator-reduction-small-platforms=262144"
    "memorysetup-temp-allocator-size-background-worker=32768"
    "memorysetup-temp-allocator-size-job-worker=262144"
    "memorysetup-temp-allocator-size-preload-manager=33554432"
    "memorysetup-temp-allocator-size-nav-mesh-worker=65536"
    "memorysetup-temp-allocator-size-audio-worker=65536"
    "memorysetup-temp-allocator-size-cloud-worker=32768"
    "memorysetup-temp-allocator-size-gi-baking-worker=262144"
    "memorysetup-temp-allocator-size-gfx=262144"
Refreshing native plugins compatible for Editor in 101.01 ms, found 7 plugins.
Preloading 0 native plugins for Editor in 0.00 ms.
Initialize engine version: 2021.3.6f1 (7da38d85baf6)
[Subsystems] Discovering subsystems at path C:/Program Files/Unity/Hub/Editor/2021.3.6f1/Editor/Data/Resources/UnitySubsystems
[Subsystems] Discovering subsystems at path D:/Products/ShooterBoy/Assets
GfxDevice: creating device client; threaded=0; jobified=0
Direct3D:
    Version:  Direct3D 11.0 [level 11.1]
    Renderer: NVIDIA GeForce GTX 1660 Ti (ID=0x2182)
    Vendor:   NVIDIA
    VRAM:     5991 MB
    Driver:   27.21.14.6647
Initialize mono
Mono path[0] = 'C:/Program Files/Unity/Hub/Editor/2021.3.6f1/Editor/Data/Managed'
Mono path[1] = 'C:/Program Files/Unity/Hub/Editor/2021.3.6f1/Editor/Data/MonoBleedingEdge/lib/mono/unityjit-win32'
Mono config path = 'C:/Program Files/Unity/Hub/Editor/2021.3.6f1/Editor/Data/MonoBleedingEdge/etc'
Using monoOptions --debugger-agent=transport=dt_socket,embedding=1,server=y,suspend=n,address=127.0.0.1:56188
Begin MonoManager ReloadAssembly
Registering precompiled unity dll's ...
Register platform support module: C:/Program Files/Unity/Hub/Editor/2021.3.6f1/Editor/Data/PlaybackEngines/WebGLSupport/UnityEditor.WebGL.Extensions.dll
Register platform support module: C:/Program Files/Unity/Hub/Editor/2021.3.6f1/Editor/Data/PlaybackEngines/AndroidPlayer/UnityEditor.Android.Extensions.dll
Register platform support module: C:/Program Files/Unity/Hub/Editor/2021.3.6f1/Editor/Data/PlaybackEngines/iOSSupport/UnityEditor.iOS.Extensions.dll
Register platform support module: C:/Program Files/Unity/Hub/Editor/2021.3.6f1/Editor/Data/PlaybackEngines/WindowsStandaloneSupport/UnityEditor.WindowsStandalone.Extensions.dll
Registered in 0.003874 seconds.
Native extension for WindowsStandalone target not found
[usbmuxd] Start listen thread
[usbmuxd] Listen thread started
Native extension for iOS target not found
Native extension for Android target not found
Native extension for WebGL target not found
Refreshing native plugins compatible for Editor in 84.92 ms, found 7 plugins.
Preloading 0 native plugins for Editor in 0.00 ms.
Mono: successfully reloaded assembly
- Completed reload, in  0.526 seconds
Domain Reload Profiling:
	ReloadAssembly (526ms)
		BeginReloadAssembly (56ms)
			ExecutionOrderSort (0ms)
			DisableScriptedObjects (0ms)
			BackupInstance (0ms)
			ReleaseScriptingObjects (0ms)
			CreateAndSetChildDomain (1ms)
		EndReloadAssembly (390ms)
			LoadAssemblies (54ms)
			RebuildTransferFunctionScriptingTraits (0ms)
			SetupTypeCache (78ms)
			ReleaseScriptCaches (0ms)
			RebuildScriptCaches (20ms)
			SetupLoadedEditorAssemblies (251ms)
				LogAssemblyErrors (0ms)
				InitializePlatformSupportModulesInManaged (59ms)
				SetLoadedEditorAssemblies (0ms)
				RefreshPlugins (85ms)
				BeforeProcessingInitializeOnLoad (1ms)
				ProcessInitializeOnLoadAttributes (74ms)
				ProcessInitializeOnLoadMethodAttributes (32ms)
				AfterProcessingInitializeOnLoad (0ms)
				EditorAssembliesLoaded (0ms)
			ExecutionOrderSort2 (0ms)
			AwakeInstancesAfterBackupRestoration (0ms)
Platform modules already initialized, skipping
Registering precompiled user dll's ...
Registered in 0.006471 seconds.
Begin MonoManager ReloadAssembly
Symbol file LoadedFromMemory doesn't match image D:\Products\ShooterBoy\Library\PackageCache\com.unity.visualscripting@1.7.8\Editor\VisualScripting.Core\Dependencies\DotNetZip\Unity.VisualScripting.IonicZip.dll
Symbol file LoadedFromMemory doesn't match image D:\Products\ShooterBoy\Library\PackageCache\com.unity.visualscripting@1.7.8\Editor\VisualScripting.Core\Dependencies\YamlDotNet\Unity.VisualScripting.YamlDotNet.dll
Native extension for WindowsStandalone target not found
Native extension for iOS target not found
Native extension for Android target not found
Native extension for WebGL target not found
Refreshing native plugins compatible for Editor in 85.08 ms, found 7 plugins.
Preloading 0 native plugins for Editor in 0.00 ms.
Mono: successfully reloaded assembly
- Completed reload, in  1.048 seconds
Domain Reload Profiling:
	ReloadAssembly (1049ms)
		BeginReloadAssembly (195ms)
			ExecutionOrderSort (0ms)
			DisableScriptedObjects (4ms)
			BackupInstance (0ms)
			ReleaseScriptingObjects (0ms)
			CreateAndSetChildDomain (131ms)
		EndReloadAssembly (766ms)
			LoadAssemblies (64ms)
			RebuildTransferFunctionScriptingTraits (0ms)
			SetupTypeCache (199ms)
			ReleaseScriptCaches (0ms)
			RebuildScriptCaches (47ms)
			SetupLoadedEditorAssemblies (415ms)
				LogAssemblyErrors (0ms)
				InitializePlatformSupportModulesInManaged (17ms)
				SetLoadedEditorAssemblies (0ms)
				RefreshPlugins (85ms)
				BeforeProcessingInitializeOnLoad (75ms)
				ProcessInitializeOnLoadAttributes (205ms)
				ProcessInitializeOnLoadMethodAttributes (30ms)
				AfterProcessingInitializeOnLoad (4ms)
				EditorAssembliesLoaded (0ms)
			ExecutionOrderSort2 (0ms)
			AwakeInstancesAfterBackupRestoration (4ms)
Platform modules already initialized, skipping
========================================================================
Worker process is ready to serve import requests
Launched and connected shader compiler UnityShaderCompiler.exe after 0.03 seconds
Refreshing native plugins compatible for Editor in 0.99 ms, found 7 plugins.
Preloading 0 native plugins for Editor in 0.00 ms.
Unloading 4493 Unused Serialized files (Serialized files now loaded: 0)
Unloading 98 unused Assets / (57.4 KB). Loaded Objects now: 4927.
Memory consumption went from 167.7 MB to 167.6 MB.
Total: 2.771700 ms (FindLiveObjects: 0.289800 ms CreateObjectMapping: 0.132200 ms MarkObjects: 2.269800 ms  DeleteObjects: 0.078600 ms)

AssetImportParameters requested are different than current active one (requested -> active):
  custom:video-decoder-ogg-theora: a1e56fd34408186e4bbccfd4996cb3dc -> 
  custom:container-muxer-webm: aa71ff27fc2769a1b78a27578f13a17b -> 
  custom:container-demuxer-webm: 4f35f7cbe854078d1ac9338744f61a02 -> 
  custom:video-encoder-webm-vp8: eb34c28f22e8b96e1ab97ce403110664 -> 
  custom:audio-encoder-webm-vorbis: bf7c407c2cedff20999df2af8eb42d56 -> 
  custom:framework-win-MediaFoundation: 216162199b28c13a410421893ffa2e32 -> 
  custom:container-demuxer-ogg: 62fdf1f143b41e24485cea50d1cbac27 -> 
  custom:video-decoder-webm-vp8: 9c59270c3fd7afecdb556c50c9e8de78 -> 
  custom:audio-decoder-ogg-vorbis: bf7c407c2cedff20999df2af8eb42d56 -> 
========================================================================
Received Import Request.
  Time since last request: 6631.128368 seconds.
  path: Assets/[Devloping]/2D/icons/Newest/Round/36 round.png
  artifactKey: Guid(639bcf62e9420584da3a0262d2f69f8e) Importer(815301076,1909f56bfc062723c751e8b465ee728b)
Start importing Assets/[Devloping]/2D/icons/Newest/Round/36 round.png using Guid(639bcf62e9420584da3a0262d2f69f8e) Importer(815301076,1909f56bfc062723c751e8b465ee728b)  -> (artifact id: '002385f8841afed501d644e6fc9c0f0b') in 0.099747 seconds 
========================================================================
Received Import Request.
  Time since last request: 29.671383 seconds.
  path: Assets/[Devloping]/2D/icons/36 round.png
  artifactKey: Guid(371c7405575ade444866c4fd67e0a3c0) Importer(815301076,1909f56bfc062723c751e8b465ee728b)
Start importing Assets/[Devloping]/2D/icons/36 round.png using Guid(371c7405575ade444866c4fd67e0a3c0) Importer(815301076,1909f56bfc062723c751e8b465ee728b)  -> (artifact id: 'f95c1a9a1aa59c73b51dedd2d2c22acd') in 0.016327 seconds 
========================================================================
Received Import Request.
  Time since last request: 0.000019 seconds.
  path: Assets/[Devloping]/2D/icons/144 round.png
  artifactKey: Guid(21f599d7ef71cc94f9ad7ef20d901caa) Importer(815301076,1909f56bfc062723c751e8b465ee728b)
Start importing Assets/[Devloping]/2D/icons/144 round.png using Guid(21f599d7ef71cc94f9ad7ef20d901caa) Importer(815301076,1909f56bfc062723c751e8b465ee728b)  -> (artifact id: '91af9a6bac44e98727070b396e89d579') in 0.016498 seconds 
========================================================================
Received Import Request.
  Time since last request: 0.000061 seconds.
  path: Assets/[Devloping]/2D/icons/81 round.png
  artifactKey: Guid(2ec854a0d54d6404c93674eabee8ac46) Importer(815301076,1909f56bfc062723c751e8b465ee728b)
Start importing Assets/[Devloping]/2D/icons/81 round.png using Guid(2ec854a0d54d6404c93674eabee8ac46) Importer(815301076,1909f56bfc062723c751e8b465ee728b)  -> (artifact id: '324f714e53375e79b6967e8786851350') in 0.011905 seconds 
========================================================================
Received Import Request.
  Time since last request: 0.000076 seconds.
  path: Assets/[Devloping]/2D/icons/108.png
  artifactKey: Guid(148dcdfd4a978af46a4c85d7eaba411e) Importer(815301076,1909f56bfc062723c751e8b465ee728b)
Start importing Assets/[Devloping]/2D/icons/108.png using Guid(148dcdfd4a978af46a4c85d7eaba411e) Importer(815301076,1909f56bfc062723c751e8b465ee728b)  -> (artifact id: '11621c7bf798b9dd69f818ba7c57c538') in 0.017786 seconds 
========================================================================
Received Import Request.
  Time since last request: 0.000047 seconds.
  path: Assets/[Devloping]/2D/icons/96.png
  artifactKey: Guid(aaaa4e44bdf5ca742b81111f4e004f51) Importer(815301076,1909f56bfc062723c751e8b465ee728b)
Start importing Assets/[Devloping]/2D/icons/96.png using Guid(aaaa4e44bdf5ca742b81111f4e004f51) Importer(815301076,1909f56bfc062723c751e8b465ee728b)  -> (artifact id: '0f80e274555962490db1d5cb37486799') in 0.016670 seconds 
========================================================================
Received Import Request.
  Time since last request: 19.425999 seconds.
  path: Assets/[Devloping]/2D/icons/192.png
  artifactKey: Guid(c40d11907af54924ea3e21a1d7e9a838) Importer(815301076,1909f56bfc062723c751e8b465ee728b)
Start importing Assets/[Devloping]/2D/icons/192.png using Guid(c40d11907af54924ea3e21a1d7e9a838) Importer(815301076,1909f56bfc062723c751e8b465ee728b)  -> (artifact id: '98a552d39fd229177fd79d6753c47703') in 0.021108 seconds 
========================================================================
Received Import Request.
  Time since last request: 7.346538 seconds.
  path: Assets/[Devloping]/2D/icons/216.png
  artifactKey: Guid(9f818fbb66870dc4fad32647db06c140) Importer(815301076,1909f56bfc062723c751e8b465ee728b)
Start importing Assets/[Devloping]/2D/icons/216.png using Guid(9f818fbb66870dc4fad32647db06c140) Importer(815301076,1909f56bfc062723c751e8b465ee728b)  -> (artifact id: '1d74fb7e52e392199a352ee5e261c991') in 0.051936 seconds 
========================================================================
Received Import Request.
  Time since last request: 0.000029 seconds.
  path: Assets/[Devloping]/2D/icons/432.png
  artifactKey: Guid(4e8d9b8269dad594f9893c298c0b1a3a) Importer(815301076,1909f56bfc062723c751e8b465ee728b)
Start importing Assets/[Devloping]/2D/icons/432.png using Guid(4e8d9b8269dad594f9893c298c0b1a3a) Importer(815301076,1909f56bfc062723c751e8b465ee728b)  -> (artifact id: '8e346b568b4f0daa310243413b7286c7') in 0.042350 seconds 
========================================================================
Received Import Request.
  Time since last request: 0.000081 seconds.
  path: Assets/[Devloping]/2D/icons/144.png
  artifactKey: Guid(69604974a0ce6a44d9a4cfedf662c8a8) Importer(815301076,1909f56bfc062723c751e8b465ee728b)
Start importing Assets/[Devloping]/2D/icons/144.png using Guid(69604974a0ce6a44d9a4cfedf662c8a8) Importer(815301076,1909f56bfc062723c751e8b465ee728b)  -> (artifact id: '41678bd95d07757aee11cd5b3f9279ba') in 0.023302 seconds 
========================================================================
Received Import Request.
  Time since last request: 0.193003 seconds.
  path: Assets/[Devloping]/2D/icons/36.png
  artifactKey: Guid(11708ea055fc06b4f884d6d0542fc240) Importer(815301076,1909f56bfc062723c751e8b465ee728b)
Start importing Assets/[Devloping]/2D/icons/36.png using Guid(11708ea055fc06b4f884d6d0542fc240) Importer(815301076,1909f56bfc062723c751e8b465ee728b)  -> (artifact id: '945e9a2c03be8ce7af453e88f47157b2') in 0.018085 seconds 
========================================================================
Received Import Request.
  Time since last request: 0.000029 seconds.
  path: Assets/[Devloping]/2D/icons/81.png
  artifactKey: Guid(78c7d00aa61194a4ebe6c3bd2a206005) Importer(815301076,1909f56bfc062723c751e8b465ee728b)
Start importing Assets/[Devloping]/2D/icons/81.png using Guid(78c7d00aa61194a4ebe6c3bd2a206005) Importer(815301076,1909f56bfc062723c751e8b465ee728b)  -> (artifact id: 'fbeed50f30e2adcee24bc7608be91a53') in 0.015309 seconds 
========================================================================
Received Import Request.
  Time since last request: 0.535780 seconds.
  path: Assets/[Devloping]/2D/icons/Round
  artifactKey: Guid(a91046e34f006814c8e194798ba2bcc6) Importer(815301076,1909f56bfc062723c751e8b465ee728b)
Start importing Assets/[Devloping]/2D/icons/Round using Guid(a91046e34f006814c8e194798ba2bcc6) Importer(815301076,1909f56bfc062723c751e8b465ee728b)  -> (artifact id: '3effe861556289e967d28fc8d30bab4b') in 0.004934 seconds 
========================================================================
Received Import Request.
  Time since last request: 0.028203 seconds.
  path: Assets/[Devloping]/2D/icons/Round/36 round.png
  artifactKey: Guid(9717c70206d7c0a41b2651c0de5f91cb) Importer(815301076,1909f56bfc062723c751e8b465ee728b)
Start importing Assets/[Devloping]/2D/icons/Round/36 round.png using Guid(9717c70206d7c0a41b2651c0de5f91cb) Importer(815301076,1909f56bfc062723c751e8b465ee728b)  -> (artifact id: '53aa30e69754b8386db2fd2d5c091881') in 0.009608 seconds 
========================================================================
Received Import Request.
  Time since last request: 0.000045 seconds.
  path: Assets/[Devloping]/2D/icons/Round/96 round.png
  artifactKey: Guid(87aa086d040a8cf4baf9e39345418c0f) Importer(815301076,1909f56bfc062723c751e8b465ee728b)
Start importing Assets/[Devloping]/2D/icons/Round/96 round.png using Guid(87aa086d040a8cf4baf9e39345418c0f) Importer(815301076,1909f56bfc062723c751e8b465ee728b)  -> (artifact id: '09cf4cdc59ebd71ecdaf81629af62e23') in 0.016023 seconds 
========================================================================
Received Import Request.
  Time since last request: 0.000042 seconds.
  path: Assets/[Devloping]/2D/icons/Round/144 round.png
  artifactKey: Guid(debbbb77504a21f48b4488b216b1fec0) Importer(815301076,1909f56bfc062723c751e8b465ee728b)
Start importing Assets/[Devloping]/2D/icons/Round/144 round.png using Guid(debbbb77504a21f48b4488b216b1fec0) Importer(815301076,1909f56bfc062723c751e8b465ee728b)  -> (artifact id: '335946962d8b4b278e15cbc92b8b9405') in 0.015794 seconds 
========================================================================
Received Import Request.
  Time since last request: 4.489120 seconds.
  path: Assets/[Devloping]/2D/icons/Round/144 round.png
  artifactKey: Guid(debbbb77504a21f48b4488b216b1fec0) Importer(815301076,1909f56bfc062723c751e8b465ee728b)
Start importing Assets/[Devloping]/2D/icons/Round/144 round.png using Guid(debbbb77504a21f48b4488b216b1fec0) Importer(815301076,1909f56bfc062723c751e8b465ee728b)  -> (artifact id: '6e12ca385b78faed43aaa5d5f433c36d') in 0.015512 seconds 
========================================================================
Received Import Request.
  Time since last request: 0.003001 seconds.
  path: Assets/[Devloping]/2D/icons/Round/36 round.png
  artifactKey: Guid(9717c70206d7c0a41b2651c0de5f91cb) Importer(815301076,1909f56bfc062723c751e8b465ee728b)
Start importing Assets/[Devloping]/2D/icons/Round/36 round.png using Guid(9717c70206d7c0a41b2651c0de5f91cb) Importer(815301076,1909f56bfc062723c751e8b465ee728b)  -> (artifact id: 'e168bf1fff6c204ae688e35ae7ee27a0') in 0.020608 seconds 
========================================================================
Received Import Request.
  Time since last request: 0.000048 seconds.
  path: Assets/[Devloping]/2D/icons/Round/96 round.png
  artifactKey: Guid(87aa086d040a8cf4baf9e39345418c0f) Importer(815301076,1909f56bfc062723c751e8b465ee728b)
Start importing Assets/[Devloping]/2D/icons/Round/96 round.png using Guid(87aa086d040a8cf4baf9e39345418c0f) Importer(815301076,1909f56bfc062723c751e8b465ee728b)  -> (artifact id: '73f116613de197092f6edacd95809700') in 0.021816 seconds 
========================================================================
Received Import Request.
  Time since last request: 0.000082 seconds.
  path: Assets/[Devloping]/2D/icons/Round/81 round.png
  artifactKey: Guid(d2f2a61e2274c3245852f81c9e7848c1) Importer(815301076,1909f56bfc062723c751e8b465ee728b)
Start importing Assets/[Devloping]/2D/icons/Round/81 round.png using Guid(d2f2a61e2274c3245852f81c9e7848c1) Importer(815301076,1909f56bfc062723c751e8b465ee728b)  -> (artifact id: '1befec70971d7708f277ba55f375374e') in 0.018561 seconds 
========================================================================
Received Prepare
Refreshing native plugins compatible for Editor in 11.81 ms, found 7 plugins.
Preloading 0 native plugins for Editor in 0.00 ms.
Unloading 85 Unused Serialized files (Serialized files now loaded: 0)
Unloading 97 unused Assets / (26.6 KB). Loaded Objects now: 4934.
Memory consumption went from 81.8 MB to 81.8 MB.
Total: 4.010200 ms (FindLiveObjects: 0.406600 ms CreateObjectMapping: 0.206200 ms MarkObjects: 3.264300 ms  DeleteObjects: 0.132500 ms)

AssetImportParameters requested are different than current active one (requested -> active):
  custom:video-decoder-ogg-theora: a1e56fd34408186e4bbccfd4996cb3dc -> 
  custom:container-muxer-webm: aa71ff27fc2769a1b78a27578f13a17b -> 
  custom:container-demuxer-webm: 4f35f7cbe854078d1ac9338744f61a02 -> 
  custom:video-encoder-webm-vp8: eb34c28f22e8b96e1ab97ce403110664 -> 
  custom:audio-encoder-webm-vorbis: bf7c407c2cedff20999df2af8eb42d56 -> 
  custom:framework-win-MediaFoundation: 216162199b28c13a410421893ffa2e32 -> 
  custom:container-demuxer-ogg: 62fdf1f143b41e24485cea50d1cbac27 -> 
  custom:video-decoder-webm-vp8: 9c59270c3fd7afecdb556c50c9e8de78 -> 
  custom:audio-decoder-ogg-vorbis: bf7c407c2cedff20999df2af8eb42d56 -> 
========================================================================
Received Prepare
Refreshing native plugins compatible for Editor in 9.91 ms, found 7 plugins.
Preloading 0 native plugins for Editor in 0.00 ms.
Unloading 85 Unused Serialized files (Serialized files now loaded: 0)
Unloading 85 unused Assets / (24.0 KB). Loaded Objects now: 4934.
Memory consumption went from 81.8 MB to 81.8 MB.
Total: 5.939800 ms (FindLiveObjects: 0.707000 ms CreateObjectMapping: 0.421200 ms MarkObjects: 4.709000 ms  DeleteObjects: 0.100500 ms)

AssetImportParameters requested are different than current active one (requested -> active):
  custom:video-decoder-ogg-theora: a1e56fd34408186e4bbccfd4996cb3dc -> 
  custom:container-muxer-webm: aa71ff27fc2769a1b78a27578f13a17b -> 
  custom:container-demuxer-webm: 4f35f7cbe854078d1ac9338744f61a02 -> 
  custom:video-encoder-webm-vp8: eb34c28f22e8b96e1ab97ce403110664 -> 
  custom:audio-encoder-webm-vorbis: bf7c407c2cedff20999df2af8eb42d56 -> 
  custom:framework-win-MediaFoundation: 216162199b28c13a410421893ffa2e32 -> 
  custom:container-demuxer-ogg: 62fdf1f143b41e24485cea50d1cbac27 -> 
  custom:video-decoder-webm-vp8: 9c59270c3fd7afecdb556c50c9e8de78 -> 
  custom:audio-decoder-ogg-vorbis: bf7c407c2cedff20999df2af8eb42d56 -> 
