Using pre-set license
Built from '2021.3/staging' branch; Version is '2021.3.6f1 (7da38d85baf6) revision 8233869'; Using compiler version '192829333'; Build Type 'Release'
OS: 'Windows 11  (10.0.22000) 64bit Professional' Language: 'en' Physical Memory: 16251 MB
BatchMode: 1, IsHumanControllingUs: 0, StartBugReporterOnCrash: 0, Is64bit: 1, IsPro: 1

COMMAND LINE ARGUMENTS:
C:\Program Files\Unity\Hub\Editor\2021.3.6f1\Editor\Unity.exe
-adb2
-batchMode
-noUpm
-name
AssetImportWorker2
-projectPath
D:/Products/ShooterBoy
-logFile
Logs/AssetImportWorker2.log
-srvPort
53360
Successfully changed project path to: D:/Products/ShooterBoy
D:/Products/ShooterBoy
[UnityMemory] Configuration Parameters - Can be set up in boot.config
    "memorysetup-bucket-allocator-granularity=16"
    "memorysetup-bucket-allocator-bucket-count=8"
    "memorysetup-bucket-allocator-block-size=33554432"
    "memorysetup-bucket-allocator-block-count=8"
    "memorysetup-main-allocator-block-size=16777216"
    "memorysetup-thread-allocator-block-size=16777216"
    "memorysetup-gfx-main-allocator-block-size=16777216"
    "memorysetup-gfx-thread-allocator-block-size=16777216"
    "memorysetup-cache-allocator-block-size=4194304"
    "memorysetup-typetree-allocator-block-size=2097152"
    "memorysetup-profiler-bucket-allocator-granularity=16"
    "memorysetup-profiler-bucket-allocator-bucket-count=8"
    "memorysetup-profiler-bucket-allocator-block-size=33554432"
    "memorysetup-profiler-bucket-allocator-block-count=8"
    "memorysetup-profiler-allocator-block-size=16777216"
    "memorysetup-profiler-editor-allocator-block-size=1048576"
    "memorysetup-temp-allocator-size-main=16777216"
    "memorysetup-job-temp-allocator-block-size=2097152"
    "memorysetup-job-temp-allocator-block-size-background=1048576"
    "memorysetup-job-temp-allocator-reduction-small-platforms=262144"
    "memorysetup-temp-allocator-size-background-worker=32768"
    "memorysetup-temp-allocator-size-job-worker=262144"
    "memorysetup-temp-allocator-size-preload-manager=33554432"
    "memorysetup-temp-allocator-size-nav-mesh-worker=65536"
    "memorysetup-temp-allocator-size-audio-worker=65536"
    "memorysetup-temp-allocator-size-cloud-worker=32768"
    "memorysetup-temp-allocator-size-gi-baking-worker=262144"
    "memorysetup-temp-allocator-size-gfx=262144"
Refreshing native plugins compatible for Editor in 164.19 ms, found 7 plugins.
Preloading 0 native plugins for Editor in 0.00 ms.
Initialize engine version: 2021.3.6f1 (7da38d85baf6)
[Subsystems] Discovering subsystems at path C:/Program Files/Unity/Hub/Editor/2021.3.6f1/Editor/Data/Resources/UnitySubsystems
[Subsystems] Discovering subsystems at path D:/Products/ShooterBoy/Assets
GfxDevice: creating device client; threaded=0; jobified=0
Direct3D:
    Version:  Direct3D 11.0 [level 11.1]
    Renderer: NVIDIA GeForce GTX 1660 Ti (ID=0x2182)
    Vendor:   NVIDIA
    VRAM:     5991 MB
    Driver:   27.21.14.6647
Initialize mono
Mono path[0] = 'C:/Program Files/Unity/Hub/Editor/2021.3.6f1/Editor/Data/Managed'
Mono path[1] = 'C:/Program Files/Unity/Hub/Editor/2021.3.6f1/Editor/Data/MonoBleedingEdge/lib/mono/unityjit-win32'
Mono config path = 'C:/Program Files/Unity/Hub/Editor/2021.3.6f1/Editor/Data/MonoBleedingEdge/etc'
Using monoOptions --debugger-agent=transport=dt_socket,embedding=1,server=y,suspend=n,address=127.0.0.1:56824
Begin MonoManager ReloadAssembly
Registering precompiled unity dll's ...
Register platform support module: C:/Program Files/Unity/Hub/Editor/2021.3.6f1/Editor/Data/PlaybackEngines/WebGLSupport/UnityEditor.WebGL.Extensions.dll
Register platform support module: C:/Program Files/Unity/Hub/Editor/2021.3.6f1/Editor/Data/PlaybackEngines/AndroidPlayer/UnityEditor.Android.Extensions.dll
Register platform support module: C:/Program Files/Unity/Hub/Editor/2021.3.6f1/Editor/Data/PlaybackEngines/iOSSupport/UnityEditor.iOS.Extensions.dll
Register platform support module: C:/Program Files/Unity/Hub/Editor/2021.3.6f1/Editor/Data/PlaybackEngines/WindowsStandaloneSupport/UnityEditor.WindowsStandalone.Extensions.dll
Registered in 0.003977 seconds.
Native extension for WindowsStandalone target not found
[usbmuxd] Start listen thread
[usbmuxd] Listen thread started
Native extension for iOS target not found
Native extension for Android target not found
Native extension for WebGL target not found
Refreshing native plugins compatible for Editor in 171.63 ms, found 7 plugins.
Preloading 0 native plugins for Editor in 0.00 ms.
Mono: successfully reloaded assembly
- Completed reload, in  1.073 seconds
Domain Reload Profiling:
	ReloadAssembly (1074ms)
		BeginReloadAssembly (109ms)
			ExecutionOrderSort (0ms)
			DisableScriptedObjects (0ms)
			BackupInstance (0ms)
			ReleaseScriptingObjects (0ms)
			CreateAndSetChildDomain (1ms)
		EndReloadAssembly (825ms)
			LoadAssemblies (109ms)
			RebuildTransferFunctionScriptingTraits (0ms)
			SetupTypeCache (181ms)
			ReleaseScriptCaches (0ms)
			RebuildScriptCaches (35ms)
			SetupLoadedEditorAssemblies (540ms)
				LogAssemblyErrors (0ms)
				InitializePlatformSupportModulesInManaged (119ms)
				SetLoadedEditorAssemblies (1ms)
				RefreshPlugins (172ms)
				BeforeProcessingInitializeOnLoad (2ms)
				ProcessInitializeOnLoadAttributes (169ms)
				ProcessInitializeOnLoadMethodAttributes (78ms)
				AfterProcessingInitializeOnLoad (0ms)
				EditorAssembliesLoaded (0ms)
			ExecutionOrderSort2 (0ms)
			AwakeInstancesAfterBackupRestoration (0ms)
Platform modules already initialized, skipping
Registering precompiled user dll's ...
Registered in 0.011839 seconds.
Begin MonoManager ReloadAssembly
Symbol file LoadedFromMemory doesn't match image D:\Products\ShooterBoy\Library\PackageCache\com.unity.visualscripting@1.7.8\Editor\VisualScripting.Core\Dependencies\DotNetZip\Unity.VisualScripting.IonicZip.dll
Symbol file LoadedFromMemory doesn't match image D:\Products\ShooterBoy\Library\PackageCache\com.unity.visualscripting@1.7.8\Editor\VisualScripting.Core\Dependencies\YamlDotNet\Unity.VisualScripting.YamlDotNet.dll
Native extension for WindowsStandalone target not found
Native extension for iOS target not found
Native extension for Android target not found
Native extension for WebGL target not found
Refreshing native plugins compatible for Editor in 85.35 ms, found 7 plugins.
Preloading 0 native plugins for Editor in 0.00 ms.
Mono: successfully reloaded assembly
- Completed reload, in  1.069 seconds
Domain Reload Profiling:
	ReloadAssembly (1070ms)
		BeginReloadAssembly (193ms)
			ExecutionOrderSort (0ms)
			DisableScriptedObjects (4ms)
			BackupInstance (0ms)
			ReleaseScriptingObjects (0ms)
			CreateAndSetChildDomain (123ms)
		EndReloadAssembly (787ms)
			LoadAssemblies (64ms)
			RebuildTransferFunctionScriptingTraits (0ms)
			SetupTypeCache (194ms)
			ReleaseScriptCaches (1ms)
			RebuildScriptCaches (54ms)
			SetupLoadedEditorAssemblies (439ms)
				LogAssemblyErrors (0ms)
				InitializePlatformSupportModulesInManaged (17ms)
				SetLoadedEditorAssemblies (0ms)
				RefreshPlugins (85ms)
				BeforeProcessingInitializeOnLoad (83ms)
				ProcessInitializeOnLoadAttributes (212ms)
				ProcessInitializeOnLoadMethodAttributes (38ms)
				AfterProcessingInitializeOnLoad (3ms)
				EditorAssembliesLoaded (0ms)
			ExecutionOrderSort2 (0ms)
			AwakeInstancesAfterBackupRestoration (4ms)
Platform modules already initialized, skipping
========================================================================
Worker process is ready to serve import requests
Launched and connected shader compiler UnityShaderCompiler.exe after 0.02 seconds
Refreshing native plugins compatible for Editor in 0.87 ms, found 7 plugins.
Preloading 0 native plugins for Editor in 0.00 ms.
Unloading 4499 Unused Serialized files (Serialized files now loaded: 0)
Unloading 98 unused Assets / (57.5 KB). Loaded Objects now: 4933.
Memory consumption went from 168.8 MB to 168.7 MB.
Total: 3.036600 ms (FindLiveObjects: 0.291500 ms CreateObjectMapping: 0.137300 ms MarkObjects: 2.535700 ms  DeleteObjects: 0.071200 ms)

AssetImportParameters requested are different than current active one (requested -> active):
  custom:video-decoder-ogg-theora: a1e56fd34408186e4bbccfd4996cb3dc -> 
  custom:container-muxer-webm: aa71ff27fc2769a1b78a27578f13a17b -> 
  custom:container-demuxer-webm: 4f35f7cbe854078d1ac9338744f61a02 -> 
  custom:video-encoder-webm-vp8: eb34c28f22e8b96e1ab97ce403110664 -> 
  custom:audio-encoder-webm-vorbis: bf7c407c2cedff20999df2af8eb42d56 -> 
  custom:framework-win-MediaFoundation: 216162199b28c13a410421893ffa2e32 -> 
  custom:container-demuxer-ogg: 62fdf1f143b41e24485cea50d1cbac27 -> 
  custom:video-decoder-webm-vp8: 9c59270c3fd7afecdb556c50c9e8de78 -> 
  custom:audio-decoder-ogg-vorbis: bf7c407c2cedff20999df2af8eb42d56 -> 
========================================================================
Received Import Request.
  Time since last request: 3156.563038 seconds.
  path: Assets/[Devloping]/2D/Slicing/1/name.png
  artifactKey: Guid(622625b60ad87cd46b535891448dd9b3) Importer(815301076,1909f56bfc062723c751e8b465ee728b)
Start importing Assets/[Devloping]/2D/Slicing/1/name.png using Guid(622625b60ad87cd46b535891448dd9b3) Importer(815301076,1909f56bfc062723c751e8b465ee728b)  -> (artifact id: 'e1759b6fe837f26a09679cc13c9e5f76') in 0.226466 seconds 
========================================================================
Received Import Request.
  Time since last request: 7.246946 seconds.
  path: Assets/[Devloping]/2D/Slicing/2/name.png
  artifactKey: Guid(8d3ede53414c00e4b9b3ae9eb14ac850) Importer(815301076,1909f56bfc062723c751e8b465ee728b)
Start importing Assets/[Devloping]/2D/Slicing/2/name.png using Guid(8d3ede53414c00e4b9b3ae9eb14ac850) Importer(815301076,1909f56bfc062723c751e8b465ee728b)  -> (artifact id: '2e9b5b7ed123885ff4e3e6c76dd68ebb') in 0.046393 seconds 
========================================================================
Received Prepare
Registering precompiled user dll's ...
Registered in 0.006409 seconds.
Begin MonoManager ReloadAssembly
Symbol file LoadedFromMemory doesn't match image D:\Products\ShooterBoy\Library\PackageCache\com.unity.visualscripting@1.7.8\Editor\VisualScripting.Core\Dependencies\DotNetZip\Unity.VisualScripting.IonicZip.dll
Symbol file LoadedFromMemory doesn't match image D:\Products\ShooterBoy\Library\PackageCache\com.unity.visualscripting@1.7.8\Editor\VisualScripting.Core\Dependencies\YamlDotNet\Unity.VisualScripting.YamlDotNet.dll
Native extension for WindowsStandalone target not found
Native extension for iOS target not found
Native extension for Android target not found
Native extension for WebGL target not found
Refreshing native plugins compatible for Editor in 1.10 ms, found 7 plugins.
Preloading 0 native plugins for Editor in 0.00 ms.
Mono: successfully reloaded assembly
- Completed reload, in  0.997 seconds
Domain Reload Profiling:
	ReloadAssembly (997ms)
		BeginReloadAssembly (121ms)
			ExecutionOrderSort (0ms)
			DisableScriptedObjects (5ms)
			BackupInstance (0ms)
			ReleaseScriptingObjects (0ms)
			CreateAndSetChildDomain (44ms)
		EndReloadAssembly (791ms)
			LoadAssemblies (79ms)
			RebuildTransferFunctionScriptingTraits (0ms)
			SetupTypeCache (221ms)
			ReleaseScriptCaches (2ms)
			RebuildScriptCaches (54ms)
			SetupLoadedEditorAssemblies (387ms)
				LogAssemblyErrors (0ms)
				InitializePlatformSupportModulesInManaged (32ms)
				SetLoadedEditorAssemblies (0ms)
				RefreshPlugins (1ms)
				BeforeProcessingInitializeOnLoad (76ms)
				ProcessInitializeOnLoadAttributes (236ms)
				ProcessInitializeOnLoadMethodAttributes (38ms)
				AfterProcessingInitializeOnLoad (4ms)
				EditorAssembliesLoaded (0ms)
			ExecutionOrderSort2 (0ms)
			AwakeInstancesAfterBackupRestoration (7ms)
Platform modules already initialized, skipping
Refreshing native plugins compatible for Editor in 4.88 ms, found 7 plugins.
Preloading 0 native plugins for Editor in 0.00 ms.
Unloading 4451 Unused Serialized files (Serialized files now loaded: 0)
Unloading 85 unused Assets / (26.7 KB). Loaded Objects now: 4944.
Memory consumption went from 169.8 MB to 169.8 MB.
Total: 3.780900 ms (FindLiveObjects: 0.398900 ms CreateObjectMapping: 0.289300 ms MarkObjects: 3.002100 ms  DeleteObjects: 0.088800 ms)

AssetImportParameters requested are different than current active one (requested -> active):
  custom:video-decoder-ogg-theora: a1e56fd34408186e4bbccfd4996cb3dc -> 
  custom:container-muxer-webm: aa71ff27fc2769a1b78a27578f13a17b -> 
  custom:container-demuxer-webm: 4f35f7cbe854078d1ac9338744f61a02 -> 
  custom:video-encoder-webm-vp8: eb34c28f22e8b96e1ab97ce403110664 -> 
  custom:audio-encoder-webm-vorbis: bf7c407c2cedff20999df2af8eb42d56 -> 
  custom:framework-win-MediaFoundation: 216162199b28c13a410421893ffa2e32 -> 
  custom:container-demuxer-ogg: 62fdf1f143b41e24485cea50d1cbac27 -> 
  custom:video-decoder-webm-vp8: 9c59270c3fd7afecdb556c50c9e8de78 -> 
  custom:audio-decoder-ogg-vorbis: bf7c407c2cedff20999df2af8eb42d56 -> 
========================================================================
Received Import Request.
  Time since last request: 225.420949 seconds.
  path: Assets/[Devloping]/2D/Slicing/10/Vector Smart Object copy 35.png
  artifactKey: Guid(8691d47fb628ff04f95a35050af58700) Importer(815301076,1909f56bfc062723c751e8b465ee728b)
Start importing Assets/[Devloping]/2D/Slicing/10/Vector Smart Object copy 35.png using Guid(8691d47fb628ff04f95a35050af58700) Importer(815301076,1909f56bfc062723c751e8b465ee728b)  -> (artifact id: '0ee0a66278d72579f04eacf8f284265c') in 0.044448 seconds 
========================================================================
Received Import Request.
  Time since last request: 25.544535 seconds.
  path: Assets/[Devloping]/2D/Slicing/10/Vector Smart Object copy 35.png
  artifactKey: Guid(8691d47fb628ff04f95a35050af58700) Importer(815301076,1909f56bfc062723c751e8b465ee728b)
Start importing Assets/[Devloping]/2D/Slicing/10/Vector Smart Object copy 35.png using Guid(8691d47fb628ff04f95a35050af58700) Importer(815301076,1909f56bfc062723c751e8b465ee728b)  -> (artifact id: '1c8b24934cd72b92720ab5db8cc1aa48') in 0.035169 seconds 
========================================================================
Received Import Request.
  Time since last request: 72.743285 seconds.
  path: Assets/[Devloping]/Scenes/Splash.unity
  artifactKey: Guid(6f96a11de6297224bbb1c2622a321ead) Importer(815301076,1909f56bfc062723c751e8b465ee728b)
Start importing Assets/[Devloping]/Scenes/Splash.unity using Guid(6f96a11de6297224bbb1c2622a321ead) Importer(815301076,1909f56bfc062723c751e8b465ee728b)  -> (artifact id: '1e3527a4ae9b176d155202cc635ad909') in 0.005598 seconds 
========================================================================
Received Import Request.
  Time since last request: 128.248170 seconds.
  path: Assets/[Devloping]/2D/Slicing/1/privacy.png
  artifactKey: Guid(dce50b05d47b6d14b8eda0ffb7fb81db) Importer(815301076,1909f56bfc062723c751e8b465ee728b)
Start importing Assets/[Devloping]/2D/Slicing/1/privacy.png using Guid(dce50b05d47b6d14b8eda0ffb7fb81db) Importer(815301076,1909f56bfc062723c751e8b465ee728b)  -> (artifact id: 'c7f1397328a58f264f3fa538e5846854') in 0.040661 seconds 
========================================================================
Received Import Request.
  Time since last request: 0.000047 seconds.
  path: Assets/[Devloping]/2D/Slicing/1/share.png
  artifactKey: Guid(47636aabac3458e4091e7740c7fb659c) Importer(815301076,1909f56bfc062723c751e8b465ee728b)
Start importing Assets/[Devloping]/2D/Slicing/1/share.png using Guid(47636aabac3458e4091e7740c7fb659c) Importer(815301076,1909f56bfc062723c751e8b465ee728b)  -> (artifact id: '4bb6854a7e347c21a1039b7b15127ded') in 0.054757 seconds 
========================================================================
Received Import Request.
  Time since last request: 241.697785 seconds.
  path: Assets/[Devloping]/2D/Slicing/2/earnings.png
  artifactKey: Guid(3335aaa286b68fa42a047a3f495c5a29) Importer(815301076,1909f56bfc062723c751e8b465ee728b)
Start importing Assets/[Devloping]/2D/Slicing/2/earnings.png using Guid(3335aaa286b68fa42a047a3f495c5a29) Importer(815301076,1909f56bfc062723c751e8b465ee728b)  -> (artifact id: '1fc3502333ef042882e17d27014fb418') in 0.074208 seconds 
========================================================================
Received Import Request.
  Time since last request: 0.000066 seconds.
  path: Assets/[Devloping]/2D/Slicing/2/Shop.png
  artifactKey: Guid(e2526a1ccb65bd24c8c415d67630dda3) Importer(815301076,1909f56bfc062723c751e8b465ee728b)
Start importing Assets/[Devloping]/2D/Slicing/2/Shop.png using Guid(e2526a1ccb65bd24c8c415d67630dda3) Importer(815301076,1909f56bfc062723c751e8b465ee728b)  -> (artifact id: '790734b07e544d8eda0c58148e769004') in 0.046999 seconds 
========================================================================
Received Import Request.
  Time since last request: 186.400595 seconds.
  path: Assets/[Devloping]/2D/Slicing/3/12.png
  artifactKey: Guid(5573f23c594a82e458236697a09cd4c7) Importer(815301076,1909f56bfc062723c751e8b465ee728b)
Start importing Assets/[Devloping]/2D/Slicing/3/12.png using Guid(5573f23c594a82e458236697a09cd4c7) Importer(815301076,1909f56bfc062723c751e8b465ee728b)  -> (artifact id: '65a15d24b6637dabefb7a701b7b47189') in 0.058158 seconds 
========================================================================
Received Import Request.
  Time since last request: 0.000033 seconds.
  path: Assets/[Devloping]/2D/Slicing/3/Group 753.png
  artifactKey: Guid(1f513220c04605d4db124c7e1e29a58e) Importer(815301076,1909f56bfc062723c751e8b465ee728b)
Start importing Assets/[Devloping]/2D/Slicing/3/Group 753.png using Guid(1f513220c04605d4db124c7e1e29a58e) Importer(815301076,1909f56bfc062723c751e8b465ee728b)  -> (artifact id: '8b70fef1a62910311a421ceb6a51c83f') in 0.036991 seconds 
========================================================================
Received Prepare
Registering precompiled user dll's ...
Registered in 0.006310 seconds.
Begin MonoManager ReloadAssembly
Symbol file LoadedFromMemory doesn't match image D:\Products\ShooterBoy\Library\PackageCache\com.unity.visualscripting@1.7.8\Editor\VisualScripting.Core\Dependencies\DotNetZip\Unity.VisualScripting.IonicZip.dll
Symbol file LoadedFromMemory doesn't match image D:\Products\ShooterBoy\Library\PackageCache\com.unity.visualscripting@1.7.8\Editor\VisualScripting.Core\Dependencies\YamlDotNet\Unity.VisualScripting.YamlDotNet.dll
Native extension for WindowsStandalone target not found
Native extension for iOS target not found
Native extension for Android target not found
Native extension for WebGL target not found
Refreshing native plugins compatible for Editor in 1.47 ms, found 7 plugins.
Preloading 0 native plugins for Editor in 0.00 ms.
Unable to write to 'ProjectSettings\GvhProjectSettings.xml' (System.IO.IOException: Sharing violation on path D:\Products\ShooterBoy\ProjectSettings\GvhProjectSettings.xml
  at System.IO.FileStream..ctor (System.String path, System.IO.FileMode mode, System.IO.FileAccess access, System.IO.FileShare share, System.Int32 bufferSize, System.Boolean anonymous, System.IO.FileOptions options) [0x0019e] in <e40e5a8f982c4b618a930d29f9bd091c>:0 
  at System.IO.FileStream..ctor (System.String path, System.IO.FileMode mode, System.IO.FileAccess access, System.IO.FileShare share, System.Int32 bufferSize, System.IO.FileOptions options) [0x00000] in <e40e5a8f982c4b618a930d29f9bd091c>:0 
  at System.IO.FileStream..ctor (System.String path, System.IO.FileMode mode, System.IO.FileAccess access, System.IO.FileShare share, System.Int32 bufferSize, System.Boolean useAsync) [0x00000] in <e40e5a8f982c4b618a930d29f9bd091c>:0 
  at (wrapper remoting-invoke-with-check) System.IO.FileStream..ctor(string,System.IO.FileMode,System.IO.FileAccess,System.IO.FileShare,int,bool)
  at System.Xml.XmlWriterSettings.CreateWriter (System.String outputFileName) [0x00051] in <3df1727680a4410c8922c5d71cde3a04>:0 
  at System.Xml.XmlWriter.Create (System.String outputFileName, System.Xml.XmlWriterSettings settings) [0x0000a] in <3df1727680a4410c8922c5d71cde3a04>:0 
  at Google.ProjectSettings.Save () [0x000ae] in <eb231d9a3e1c4281b819226a4dedc65a>:0 , Project settings were not saved!
UnityEngine.StackTraceUtility:ExtractStackTrace ()
UnityEngine.DebugLogHandler:LogFormat (UnityEngine.LogType,UnityEngine.Object,string,object[])
UnityEngine.Logger:Log (UnityEngine.LogType,object)
UnityEngine.Debug:LogError (object)
Google.Logger:Log (string,Google.LogLevel)
Google.ProjectSettings:Save ()
Google.ProjectSettings:SetBool (string,bool,Google.SettingsLocation)
Google.ProjectSettings:SetBool (string,bool)
Google.IOSResolver:set_VerboseLoggingEnabled (bool)
Google.IOSResolver:.cctor ()
System.Runtime.CompilerServices.RuntimeHelpers:RunClassConstructor (System.RuntimeTypeHandle)
UnityEditor.EditorAssemblies:ProcessInitializeOnLoadAttributes (System.Type[])

Mono: successfully reloaded assembly
- Completed reload, in  0.975 seconds
Domain Reload Profiling:
	ReloadAssembly (975ms)
		BeginReloadAssembly (126ms)
			ExecutionOrderSort (0ms)
			DisableScriptedObjects (5ms)
			BackupInstance (0ms)
			ReleaseScriptingObjects (0ms)
			CreateAndSetChildDomain (46ms)
		EndReloadAssembly (771ms)
			LoadAssemblies (82ms)
			RebuildTransferFunctionScriptingTraits (0ms)
			SetupTypeCache (208ms)
			ReleaseScriptCaches (2ms)
			RebuildScriptCaches (52ms)
			SetupLoadedEditorAssemblies (380ms)
				LogAssemblyErrors (0ms)
				InitializePlatformSupportModulesInManaged (31ms)
				SetLoadedEditorAssemblies (0ms)
				RefreshPlugins (2ms)
				BeforeProcessingInitializeOnLoad (70ms)
				ProcessInitializeOnLoadAttributes (232ms)
				ProcessInitializeOnLoadMethodAttributes (41ms)
				AfterProcessingInitializeOnLoad (4ms)
				EditorAssembliesLoaded (0ms)
			ExecutionOrderSort2 (0ms)
			AwakeInstancesAfterBackupRestoration (8ms)
Platform modules already initialized, skipping
Refreshing native plugins compatible for Editor in 6.18 ms, found 7 plugins.
Preloading 0 native plugins for Editor in 0.00 ms.
Unloading 4451 Unused Serialized files (Serialized files now loaded: 0)
Unloading 85 unused Assets / (26.8 KB). Loaded Objects now: 4963.
Memory consumption went from 170.0 MB to 170.0 MB.
Total: 3.507800 ms (FindLiveObjects: 0.332900 ms CreateObjectMapping: 0.194900 ms MarkObjects: 2.917500 ms  DeleteObjects: 0.061500 ms)

AssetImportParameters requested are different than current active one (requested -> active):
  custom:video-decoder-ogg-theora: a1e56fd34408186e4bbccfd4996cb3dc -> 
  custom:container-muxer-webm: aa71ff27fc2769a1b78a27578f13a17b -> 
  custom:container-demuxer-webm: 4f35f7cbe854078d1ac9338744f61a02 -> 
  custom:video-encoder-webm-vp8: eb34c28f22e8b96e1ab97ce403110664 -> 
  custom:audio-encoder-webm-vorbis: bf7c407c2cedff20999df2af8eb42d56 -> 
  custom:framework-win-MediaFoundation: 216162199b28c13a410421893ffa2e32 -> 
  custom:container-demuxer-ogg: 62fdf1f143b41e24485cea50d1cbac27 -> 
  custom:video-decoder-webm-vp8: 9c59270c3fd7afecdb556c50c9e8de78 -> 
  custom:audio-decoder-ogg-vorbis: bf7c407c2cedff20999df2af8eb42d56 -> 
========================================================================
Received Import Request.
  Time since last request: 147.525400 seconds.
  path: Assets/[Devloping]/Scenes/GamePlay.unity
  artifactKey: Guid(c14ffec72ecfe144b9ff51a6a4243f0c) Importer(815301076,1909f56bfc062723c751e8b465ee728b)
Start importing Assets/[Devloping]/Scenes/GamePlay.unity using Guid(c14ffec72ecfe144b9ff51a6a4243f0c) Importer(815301076,1909f56bfc062723c751e8b465ee728b)  -> (artifact id: '670095961549d9b0a761d7019f075755') in 0.011923 seconds 
========================================================================
Received Import Request.
  Time since last request: 126.492815 seconds.
  path: Assets/[Devloping]/2D/Slicing/4/back.png
  artifactKey: Guid(80b1806465eeb5e44996f896af23bb12) Importer(815301076,1909f56bfc062723c751e8b465ee728b)
Start importing Assets/[Devloping]/2D/Slicing/4/back.png using Guid(80b1806465eeb5e44996f896af23bb12) Importer(815301076,1909f56bfc062723c751e8b465ee728b)  -> (artifact id: 'adc224e709295009684ff116f494159c') in 0.057255 seconds 
========================================================================
Received Import Request.
  Time since last request: 61.560757 seconds.
  path: Assets/[Devloping]/2D/Slicing/4/Group 34.png
  artifactKey: Guid(d28586712db43a141ab51186f9e72a1c) Importer(815301076,1909f56bfc062723c751e8b465ee728b)
Start importing Assets/[Devloping]/2D/Slicing/4/Group 34.png using Guid(d28586712db43a141ab51186f9e72a1c) Importer(815301076,1909f56bfc062723c751e8b465ee728b)  -> (artifact id: '09489391302bd2f0754cc02857569dbf') in 0.031856 seconds 
========================================================================
Received Import Request.
  Time since last request: 102.745848 seconds.
  path: Assets/[Devloping]/2D/Slicing/5/back.png
  artifactKey: Guid(a6bdaa83c61223c47bd29a8c49f8d29c) Importer(815301076,1909f56bfc062723c751e8b465ee728b)
Start importing Assets/[Devloping]/2D/Slicing/5/back.png using Guid(a6bdaa83c61223c47bd29a8c49f8d29c) Importer(815301076,1909f56bfc062723c751e8b465ee728b)  -> (artifact id: 'ac37b81eb7ddd84656deaf34de3ef314') in 0.035877 seconds 
========================================================================
Received Import Request.
  Time since last request: 57.227075 seconds.
  path: Assets/[Devloping]/2D/Slicing/5/Group 34 (1).png
  artifactKey: Guid(8b994c77a93fcc9438a35ad3c030f1e2) Importer(815301076,1909f56bfc062723c751e8b465ee728b)
Start importing Assets/[Devloping]/2D/Slicing/5/Group 34 (1).png using Guid(8b994c77a93fcc9438a35ad3c030f1e2) Importer(815301076,1909f56bfc062723c751e8b465ee728b)  -> (artifact id: '4a46c1d9dc4b9480d7d377247e6f3da5') in 0.031835 seconds 
========================================================================
Received Import Request.
  Time since last request: 145.662158 seconds.
  path: Assets/[Devloping]/2D/Slicing/6/Background (12).png
  artifactKey: Guid(0c1efa77033770e4bbcc2ab506eb8d4c) Importer(815301076,1909f56bfc062723c751e8b465ee728b)
Start importing Assets/[Devloping]/2D/Slicing/6/Background (12).png using Guid(0c1efa77033770e4bbcc2ab506eb8d4c) Importer(815301076,1909f56bfc062723c751e8b465ee728b)  -> (artifact id: 'a95b3bdc170a29a5745f0c13901fc58f') in 0.064854 seconds 
========================================================================
Received Import Request.
  Time since last request: 50.018529 seconds.
  path: Assets/[Devloping]/2D/Slicing/7/Group 38.png
  artifactKey: Guid(dbe3d5c69cf88ca48a6e9aedbb476c92) Importer(815301076,1909f56bfc062723c751e8b465ee728b)
Start importing Assets/[Devloping]/2D/Slicing/7/Group 38.png using Guid(dbe3d5c69cf88ca48a6e9aedbb476c92) Importer(815301076,1909f56bfc062723c751e8b465ee728b)  -> (artifact id: '7f13ce8d8e35ca3ab920f95a97a072a5') in 0.051337 seconds 
========================================================================
Received Import Request.
  Time since last request: 0.000036 seconds.
  path: Assets/[Devloping]/2D/Slicing/7/next.png
  artifactKey: Guid(d2cfbf0b40f7e2e448e21708db9e9635) Importer(815301076,1909f56bfc062723c751e8b465ee728b)
Start importing Assets/[Devloping]/2D/Slicing/7/next.png using Guid(d2cfbf0b40f7e2e448e21708db9e9635) Importer(815301076,1909f56bfc062723c751e8b465ee728b)  -> (artifact id: 'e17d541434d4492aebe196949d9cda86') in 0.071049 seconds 
========================================================================
Received Import Request.
  Time since last request: 78.044403 seconds.
  path: Assets/[Devloping]/2D/Slicing/8/Group 37 (1).png
  artifactKey: Guid(f99e8ae0993107244bc8564affcd66dd) Importer(815301076,1909f56bfc062723c751e8b465ee728b)
Start importing Assets/[Devloping]/2D/Slicing/8/Group 37 (1).png using Guid(f99e8ae0993107244bc8564affcd66dd) Importer(815301076,1909f56bfc062723c751e8b465ee728b)  -> (artifact id: '12dfe6e9338ab9d55db8055bf3e05e9a') in 0.066569 seconds 
========================================================================
Received Import Request.
  Time since last request: 88.679690 seconds.
  path: Assets/[Devloping]/2D/Slicing/9/TRY AGAIN.png
  artifactKey: Guid(0a94f793635a4ad4fa31eb56f8178d95) Importer(815301076,1909f56bfc062723c751e8b465ee728b)
Start importing Assets/[Devloping]/2D/Slicing/9/TRY AGAIN.png using Guid(0a94f793635a4ad4fa31eb56f8178d95) Importer(815301076,1909f56bfc062723c751e8b465ee728b)  -> (artifact id: '3359a4d35c9fa73524baf6e1b7800b1e') in 0.034067 seconds 
========================================================================
Received Import Request.
  Time since last request: 27.072657 seconds.
  path: Assets/[Devloping]/2D/Slicing/11/Background (10).png
  artifactKey: Guid(562f576f106ce834b94da7f0f2bd1b6f) Importer(815301076,1909f56bfc062723c751e8b465ee728b)
Start importing Assets/[Devloping]/2D/Slicing/11/Background (10).png using Guid(562f576f106ce834b94da7f0f2bd1b6f) Importer(815301076,1909f56bfc062723c751e8b465ee728b)  -> (artifact id: '62d896ed5ced9fb3ebd26ab873e10bb3') in 0.063095 seconds 
========================================================================
Received Import Request.
  Time since last request: 177.732037 seconds.
  path: Assets/[Devloping]/2D/Slicing/12/Group 37 (2).png
  artifactKey: Guid(1d1d164665d46794b8d95c3e2c622dba) Importer(815301076,1909f56bfc062723c751e8b465ee728b)
Start importing Assets/[Devloping]/2D/Slicing/12/Group 37 (2).png using Guid(1d1d164665d46794b8d95c3e2c622dba) Importer(815301076,1909f56bfc062723c751e8b465ee728b)  -> (artifact id: '0d246acc7960748b945f05c7285cf20c') in 0.044950 seconds 
========================================================================
Received Import Request.
  Time since last request: 15.383120 seconds.
  path: Assets/[Devloping]/2D/Slicing/12/4boy.png
  artifactKey: Guid(a0d1f468d963fcb41bdb085fbd8d6150) Importer(815301076,1909f56bfc062723c751e8b465ee728b)
Start importing Assets/[Devloping]/2D/Slicing/12/4boy.png using Guid(a0d1f468d963fcb41bdb085fbd8d6150) Importer(815301076,1909f56bfc062723c751e8b465ee728b)  -> (artifact id: '6ddbad0090d26d714a0faacbb39f8f85') in 0.037230 seconds 
========================================================================
Received Import Request.
  Time since last request: 135.309676 seconds.
  path: Assets/[Devloping]/2D/Slicing/12/1boy.png
  artifactKey: Guid(ff61e30b5628fa5459ba243310e3bec0) Importer(815301076,1909f56bfc062723c751e8b465ee728b)
Start importing Assets/[Devloping]/2D/Slicing/12/1boy.png using Guid(ff61e30b5628fa5459ba243310e3bec0) Importer(815301076,1909f56bfc062723c751e8b465ee728b)  -> (artifact id: '7a01c20e518227f3aa702f7ea5498e2d') in 0.035574 seconds 
========================================================================
Received Import Request.
  Time since last request: 0.000036 seconds.
  path: Assets/[Devloping]/2D/Slicing/12/3gan.png
  artifactKey: Guid(b1f767d8aa97fbd45a5713188408dd80) Importer(815301076,1909f56bfc062723c751e8b465ee728b)
Start importing Assets/[Devloping]/2D/Slicing/12/3gan.png using Guid(b1f767d8aa97fbd45a5713188408dd80) Importer(815301076,1909f56bfc062723c751e8b465ee728b)  -> (artifact id: '4afee3f9a0a3cccc7cf5aceacce4b268') in 0.030164 seconds 
========================================================================
Received Import Request.
  Time since last request: 109.045073 seconds.
  path: Assets/[Devloping]/2D/Slicing/12/AdNo.png
  artifactKey: Guid(6cc5c5167e1c38043b8affb10aa80e77) Importer(815301076,1909f56bfc062723c751e8b465ee728b)
Start importing Assets/[Devloping]/2D/Slicing/12/AdNo.png using Guid(6cc5c5167e1c38043b8affb10aa80e77) Importer(815301076,1909f56bfc062723c751e8b465ee728b)  -> (artifact id: 'd7f3290442e400fce36db663e458b74c') in 0.041711 seconds 
========================================================================
Received Import Request.
  Time since last request: 25.832607 seconds.
  path: Assets/[Devloping]/Prefabe/Button.prefab
  artifactKey: Guid(40bfe6331d5961a4790f1229cb18ea56) Importer(815301076,1909f56bfc062723c751e8b465ee728b)
Start importing Assets/[Devloping]/Prefabe/Button.prefab using Guid(40bfe6331d5961a4790f1229cb18ea56) Importer(815301076,1909f56bfc062723c751e8b465ee728b)  -> (artifact id: '3831eab6c5b95fc40bf4ebe1c04cb9bc') in 0.036866 seconds 
========================================================================
Received Import Request.
  Time since last request: 18.013112 seconds.
  path: Assets/[Devloping]/Prefabe/Button.prefab
  artifactKey: Guid(40bfe6331d5961a4790f1229cb18ea56) Importer(815301076,1909f56bfc062723c751e8b465ee728b)
Start importing Assets/[Devloping]/Prefabe/Button.prefab using Guid(40bfe6331d5961a4790f1229cb18ea56) Importer(815301076,1909f56bfc062723c751e8b465ee728b)  -> (artifact id: 'cdedb06f59581b1f1d3c2f537d414662') in 0.013937 seconds 
========================================================================
Received Import Request.
  Time since last request: 46.495799 seconds.
  path: Assets/[Devloping]/2D/Slicing/Loader/Vector Smart Object.png
  artifactKey: Guid(e7dfa747965f44a49bd4142084c170c9) Importer(815301076,1909f56bfc062723c751e8b465ee728b)
Start importing Assets/[Devloping]/2D/Slicing/Loader/Vector Smart Object.png using Guid(e7dfa747965f44a49bd4142084c170c9) Importer(815301076,1909f56bfc062723c751e8b465ee728b)  -> (artifact id: 'e06ec39b1fdf627a97a44fa92b366ee7') in 0.015681 seconds 
========================================================================
Received Import Request.
  Time since last request: 6.933248 seconds.
  path: Assets/[Devloping]/2D/Slicing/Loader/Vector Smart Object.png
  artifactKey: Guid(e7dfa747965f44a49bd4142084c170c9) Importer(815301076,1909f56bfc062723c751e8b465ee728b)
Start importing Assets/[Devloping]/2D/Slicing/Loader/Vector Smart Object.png using Guid(e7dfa747965f44a49bd4142084c170c9) Importer(815301076,1909f56bfc062723c751e8b465ee728b)  -> (artifact id: 'b68ff5a7c392fd6fe2a118929f1e9fd5') in 0.038579 seconds 
========================================================================
Received Import Request.
  Time since last request: 95.196055 seconds.
  path: Assets/[Devloping]/2D/Slicing/12/Group 34 (2).png
  artifactKey: Guid(95e8fd3235bafa34ba7c761882d0463d) Importer(815301076,1909f56bfc062723c751e8b465ee728b)
Start importing Assets/[Devloping]/2D/Slicing/12/Group 34 (2).png using Guid(95e8fd3235bafa34ba7c761882d0463d) Importer(815301076,1909f56bfc062723c751e8b465ee728b)  -> (artifact id: 'e48a84ee94e823b1d5b6577f5d02bcf1') in 0.024817 seconds 
========================================================================
Received Import Request.
  Time since last request: 120.888491 seconds.
  path: Assets/[Devloping]/C#/Fetures/RewaredAd.cs
  artifactKey: Guid(b75a31e1c6c1adf4b820af726623af42) Importer(815301076,1909f56bfc062723c751e8b465ee728b)
Start importing Assets/[Devloping]/C#/Fetures/RewaredAd.cs using Guid(b75a31e1c6c1adf4b820af726623af42) Importer(815301076,1909f56bfc062723c751e8b465ee728b)  -> (artifact id: 'e41777551c4b493d99f1aab81f09d88a') in 0.008014 seconds 
========================================================================
Received Import Request.
  Time since last request: 46.072853 seconds.
  path: Assets/Editor Default Resources/Firebase/firebase_lockup.png
  artifactKey: Guid(9f058f25e8e2d47cfb894951d4d7e48a) Importer(815301076,1909f56bfc062723c751e8b465ee728b)
Start importing Assets/Editor Default Resources/Firebase/firebase_lockup.png using Guid(9f058f25e8e2d47cfb894951d4d7e48a) Importer(815301076,1909f56bfc062723c751e8b465ee728b)  -> (artifact id: '8ab6be753fe1022fd708e4d7b30a1785') in 0.015129 seconds 
========================================================================
Received Import Request.
  Time since last request: 7.494220 seconds.
  path: Assets/[Devloping]/C#/Fetures/FireBaseData.cs
  artifactKey: Guid(098e05c7755e8be40997e39218594c76) Importer(815301076,1909f56bfc062723c751e8b465ee728b)
Start importing Assets/[Devloping]/C#/Fetures/FireBaseData.cs using Guid(098e05c7755e8be40997e39218594c76) Importer(815301076,1909f56bfc062723c751e8b465ee728b)  -> (artifact id: '757fcb01db3b9d81dc7941618a660d3d') in 0.005718 seconds 
========================================================================
Received Import Request.
  Time since last request: 134.194625 seconds.
  path: Assets/[Devloping]/C#/Fetures/FireBaseData.cs
  artifactKey: Guid(098e05c7755e8be40997e39218594c76) Importer(815301076,1909f56bfc062723c751e8b465ee728b)
Start importing Assets/[Devloping]/C#/Fetures/FireBaseData.cs using Guid(098e05c7755e8be40997e39218594c76) Importer(815301076,1909f56bfc062723c751e8b465ee728b)  -> (artifact id: '792eed0c6e3cde63690729972c60d480') in 0.002556 seconds 
========================================================================
Received Prepare
Registering precompiled user dll's ...
Registered in 0.009000 seconds.
Begin MonoManager ReloadAssembly
Symbol file LoadedFromMemory doesn't match image D:\Products\ShooterBoy\Library\PackageCache\com.unity.visualscripting@1.7.8\Editor\VisualScripting.Core\Dependencies\DotNetZip\Unity.VisualScripting.IonicZip.dll
Symbol file LoadedFromMemory doesn't match image D:\Products\ShooterBoy\Library\PackageCache\com.unity.visualscripting@1.7.8\Editor\VisualScripting.Core\Dependencies\YamlDotNet\Unity.VisualScripting.YamlDotNet.dll
Native extension for WindowsStandalone target not found
Native extension for iOS target not found
Native extension for Android target not found
Native extension for WebGL target not found
Refreshing native plugins compatible for Editor in 0.98 ms, found 7 plugins.
Preloading 0 native plugins for Editor in 0.00 ms.
Mono: successfully reloaded assembly
- Completed reload, in  0.913 seconds
Domain Reload Profiling:
	ReloadAssembly (914ms)
		BeginReloadAssembly (129ms)
			ExecutionOrderSort (0ms)
			DisableScriptedObjects (5ms)
			BackupInstance (0ms)
			ReleaseScriptingObjects (0ms)
			CreateAndSetChildDomain (52ms)
		EndReloadAssembly (702ms)
			LoadAssemblies (82ms)
			RebuildTransferFunctionScriptingTraits (0ms)
			SetupTypeCache (238ms)
			ReleaseScriptCaches (2ms)
			RebuildScriptCaches (42ms)
			SetupLoadedEditorAssemblies (305ms)
				LogAssemblyErrors (0ms)
				InitializePlatformSupportModulesInManaged (25ms)
				SetLoadedEditorAssemblies (0ms)
				RefreshPlugins (1ms)
				BeforeProcessingInitializeOnLoad (56ms)
				ProcessInitializeOnLoadAttributes (188ms)
				ProcessInitializeOnLoadMethodAttributes (31ms)
				AfterProcessingInitializeOnLoad (3ms)
				EditorAssembliesLoaded (0ms)
			ExecutionOrderSort2 (0ms)
			AwakeInstancesAfterBackupRestoration (6ms)
Platform modules already initialized, skipping
Refreshing native plugins compatible for Editor in 5.74 ms, found 7 plugins.
Preloading 0 native plugins for Editor in 0.00 ms.
Unloading 4451 Unused Serialized files (Serialized files now loaded: 0)
Unloading 85 unused Assets / (26.8 KB). Loaded Objects now: 4977.
Memory consumption went from 170.1 MB to 170.0 MB.
Total: 4.325800 ms (FindLiveObjects: 0.408300 ms CreateObjectMapping: 0.191600 ms MarkObjects: 3.670300 ms  DeleteObjects: 0.054600 ms)

AssetImportParameters requested are different than current active one (requested -> active):
  custom:video-decoder-ogg-theora: a1e56fd34408186e4bbccfd4996cb3dc -> 
  custom:container-muxer-webm: aa71ff27fc2769a1b78a27578f13a17b -> 
  custom:container-demuxer-webm: 4f35f7cbe854078d1ac9338744f61a02 -> 
  custom:video-encoder-webm-vp8: eb34c28f22e8b96e1ab97ce403110664 -> 
  custom:audio-encoder-webm-vorbis: bf7c407c2cedff20999df2af8eb42d56 -> 
  custom:framework-win-MediaFoundation: 216162199b28c13a410421893ffa2e32 -> 
  custom:container-demuxer-ogg: 62fdf1f143b41e24485cea50d1cbac27 -> 
  custom:video-decoder-webm-vp8: 9c59270c3fd7afecdb556c50c9e8de78 -> 
  custom:audio-decoder-ogg-vorbis: bf7c407c2cedff20999df2af8eb42d56 -> 
========================================================================
Received Prepare
Registering precompiled user dll's ...
Registered in 0.009447 seconds.
Begin MonoManager ReloadAssembly
Symbol file LoadedFromMemory doesn't match image D:\Products\ShooterBoy\Library\PackageCache\com.unity.visualscripting@1.7.8\Editor\VisualScripting.Core\Dependencies\DotNetZip\Unity.VisualScripting.IonicZip.dll
Symbol file LoadedFromMemory doesn't match image D:\Products\ShooterBoy\Library\PackageCache\com.unity.visualscripting@1.7.8\Editor\VisualScripting.Core\Dependencies\YamlDotNet\Unity.VisualScripting.YamlDotNet.dll
Native extension for WindowsStandalone target not found
Native extension for iOS target not found
Native extension for Android target not found
Native extension for WebGL target not found
Refreshing native plugins compatible for Editor in 1.36 ms, found 7 plugins.
Preloading 0 native plugins for Editor in 0.00 ms.
Unable to write to 'ProjectSettings\GvhProjectSettings.xml' (System.IO.IOException: Sharing violation on path D:\Products\ShooterBoy\ProjectSettings\GvhProjectSettings.xml
  at System.IO.FileStream..ctor (System.String path, System.IO.FileMode mode, System.IO.FileAccess access, System.IO.FileShare share, System.Int32 bufferSize, System.Boolean anonymous, System.IO.FileOptions options) [0x0019e] in <e40e5a8f982c4b618a930d29f9bd091c>:0 
  at System.IO.FileStream..ctor (System.String path, System.IO.FileMode mode, System.IO.FileAccess access, System.IO.FileShare share, System.Int32 bufferSize, System.IO.FileOptions options) [0x00000] in <e40e5a8f982c4b618a930d29f9bd091c>:0 
  at System.IO.FileStream..ctor (System.String path, System.IO.FileMode mode, System.IO.FileAccess access, System.IO.FileShare share, System.Int32 bufferSize, System.Boolean useAsync) [0x00000] in <e40e5a8f982c4b618a930d29f9bd091c>:0 
  at (wrapper remoting-invoke-with-check) System.IO.FileStream..ctor(string,System.IO.FileMode,System.IO.FileAccess,System.IO.FileShare,int,bool)
  at System.Xml.XmlWriterSettings.CreateWriter (System.String outputFileName) [0x00051] in <3df1727680a4410c8922c5d71cde3a04>:0 
  at System.Xml.XmlWriter.Create (System.String outputFileName, System.Xml.XmlWriterSettings settings) [0x0000a] in <3df1727680a4410c8922c5d71cde3a04>:0 
  at Google.ProjectSettings.Save () [0x000ae] in <eb231d9a3e1c4281b819226a4dedc65a>:0 , Project settings were not saved!
UnityEngine.StackTraceUtility:ExtractStackTrace ()
UnityEngine.DebugLogHandler:LogFormat (UnityEngine.LogType,UnityEngine.Object,string,object[])
UnityEngine.Logger:Log (UnityEngine.LogType,object)
UnityEngine.Debug:LogError (object)
Google.Logger:Log (string,Google.LogLevel)
Google.ProjectSettings:Save ()
Google.ProjectSettings:SetBool (string,bool,Google.SettingsLocation)
Google.ProjectSettings:SetBool (string,bool)
Google.IOSResolver:set_VerboseLoggingEnabled (bool)
Google.IOSResolver:.cctor ()
System.Runtime.CompilerServices.RuntimeHelpers:RunClassConstructor (System.RuntimeTypeHandle)
UnityEditor.EditorAssemblies:ProcessInitializeOnLoadAttributes (System.Type[])

Mono: successfully reloaded assembly
- Completed reload, in  0.999 seconds
Domain Reload Profiling:
	ReloadAssembly (999ms)
		BeginReloadAssembly (121ms)
			ExecutionOrderSort (0ms)
			DisableScriptedObjects (5ms)
			BackupInstance (0ms)
			ReleaseScriptingObjects (0ms)
			CreateAndSetChildDomain (40ms)
		EndReloadAssembly (797ms)
			LoadAssemblies (84ms)
			RebuildTransferFunctionScriptingTraits (0ms)
			SetupTypeCache (220ms)
			ReleaseScriptCaches (2ms)
			RebuildScriptCaches (56ms)
			SetupLoadedEditorAssemblies (392ms)
				LogAssemblyErrors (0ms)
				InitializePlatformSupportModulesInManaged (33ms)
				SetLoadedEditorAssemblies (1ms)
				RefreshPlugins (1ms)
				BeforeProcessingInitializeOnLoad (78ms)
				ProcessInitializeOnLoadAttributes (234ms)
				ProcessInitializeOnLoadMethodAttributes (39ms)
				AfterProcessingInitializeOnLoad (5ms)
				EditorAssembliesLoaded (0ms)
			ExecutionOrderSort2 (0ms)
			AwakeInstancesAfterBackupRestoration (7ms)
Platform modules already initialized, skipping
Refreshing native plugins compatible for Editor in 5.15 ms, found 7 plugins.
Preloading 0 native plugins for Editor in 0.00 ms.
Unloading 4451 Unused Serialized files (Serialized files now loaded: 0)
Unloading 85 unused Assets / (26.9 KB). Loaded Objects now: 4980.
Memory consumption went from 170.1 MB to 170.0 MB.
Total: 3.445500 ms (FindLiveObjects: 0.466500 ms CreateObjectMapping: 0.216300 ms MarkObjects: 2.708500 ms  DeleteObjects: 0.052600 ms)

AssetImportParameters requested are different than current active one (requested -> active):
  custom:video-decoder-ogg-theora: a1e56fd34408186e4bbccfd4996cb3dc -> 
  custom:container-muxer-webm: aa71ff27fc2769a1b78a27578f13a17b -> 
  custom:container-demuxer-webm: 4f35f7cbe854078d1ac9338744f61a02 -> 
  custom:video-encoder-webm-vp8: eb34c28f22e8b96e1ab97ce403110664 -> 
  custom:audio-encoder-webm-vorbis: bf7c407c2cedff20999df2af8eb42d56 -> 
  custom:framework-win-MediaFoundation: 216162199b28c13a410421893ffa2e32 -> 
  custom:container-demuxer-ogg: 62fdf1f143b41e24485cea50d1cbac27 -> 
  custom:video-decoder-webm-vp8: 9c59270c3fd7afecdb556c50c9e8de78 -> 
  custom:audio-decoder-ogg-vorbis: bf7c407c2cedff20999df2af8eb42d56 -> 
========================================================================
Received Import Request.
  Time since last request: 88.033008 seconds.
  path: Assets/[Devloping]/Scenes/GamePlay.unity
  artifactKey: Guid(c14ffec72ecfe144b9ff51a6a4243f0c) Importer(815301076,1909f56bfc062723c751e8b465ee728b)
Start importing Assets/[Devloping]/Scenes/GamePlay.unity using Guid(c14ffec72ecfe144b9ff51a6a4243f0c) Importer(815301076,1909f56bfc062723c751e8b465ee728b)  -> (artifact id: '1e791ad4099b6409c438fc2ac7479f20') in 0.009224 seconds 
========================================================================
Received Prepare
Registering precompiled user dll's ...
Registered in 0.006789 seconds.
Begin MonoManager ReloadAssembly
Symbol file LoadedFromMemory doesn't match image D:\Products\ShooterBoy\Library\PackageCache\com.unity.visualscripting@1.7.8\Editor\VisualScripting.Core\Dependencies\DotNetZip\Unity.VisualScripting.IonicZip.dll
Symbol file LoadedFromMemory doesn't match image D:\Products\ShooterBoy\Library\PackageCache\com.unity.visualscripting@1.7.8\Editor\VisualScripting.Core\Dependencies\YamlDotNet\Unity.VisualScripting.YamlDotNet.dll
Native extension for WindowsStandalone target not found
Native extension for iOS target not found
Native extension for Android target not found
Native extension for WebGL target not found
Refreshing native plugins compatible for Editor in 1.74 ms, found 7 plugins.
Preloading 0 native plugins for Editor in 0.00 ms.
Mono: successfully reloaded assembly
- Completed reload, in  0.978 seconds
Domain Reload Profiling:
	ReloadAssembly (979ms)
		BeginReloadAssembly (121ms)
			ExecutionOrderSort (0ms)
			DisableScriptedObjects (5ms)
			BackupInstance (0ms)
			ReleaseScriptingObjects (0ms)
			CreateAndSetChildDomain (42ms)
		EndReloadAssembly (774ms)
			LoadAssemblies (82ms)
			RebuildTransferFunctionScriptingTraits (0ms)
			SetupTypeCache (212ms)
			ReleaseScriptCaches (2ms)
			RebuildScriptCaches (50ms)
			SetupLoadedEditorAssemblies (379ms)
				LogAssemblyErrors (0ms)
				InitializePlatformSupportModulesInManaged (30ms)
				SetLoadedEditorAssemblies (0ms)
				RefreshPlugins (2ms)
				BeforeProcessingInitializeOnLoad (69ms)
				ProcessInitializeOnLoadAttributes (229ms)
				ProcessInitializeOnLoadMethodAttributes (44ms)
				AfterProcessingInitializeOnLoad (4ms)
				EditorAssembliesLoaded (0ms)
			ExecutionOrderSort2 (0ms)
			AwakeInstancesAfterBackupRestoration (9ms)
Platform modules already initialized, skipping
Refreshing native plugins compatible for Editor in 4.37 ms, found 7 plugins.
Preloading 0 native plugins for Editor in 0.00 ms.
Unloading 4451 Unused Serialized files (Serialized files now loaded: 0)
Unloading 85 unused Assets / (26.8 KB). Loaded Objects now: 4983.
Memory consumption went from 170.1 MB to 170.0 MB.
Total: 3.053300 ms (FindLiveObjects: 0.299900 ms CreateObjectMapping: 0.160100 ms MarkObjects: 2.549000 ms  DeleteObjects: 0.043400 ms)

AssetImportParameters requested are different than current active one (requested -> active):
  custom:video-decoder-ogg-theora: a1e56fd34408186e4bbccfd4996cb3dc -> 
  custom:container-muxer-webm: aa71ff27fc2769a1b78a27578f13a17b -> 
  custom:container-demuxer-webm: 4f35f7cbe854078d1ac9338744f61a02 -> 
  custom:video-encoder-webm-vp8: eb34c28f22e8b96e1ab97ce403110664 -> 
  custom:audio-encoder-webm-vorbis: bf7c407c2cedff20999df2af8eb42d56 -> 
  custom:framework-win-MediaFoundation: 216162199b28c13a410421893ffa2e32 -> 
  custom:container-demuxer-ogg: 62fdf1f143b41e24485cea50d1cbac27 -> 
  custom:video-decoder-webm-vp8: 9c59270c3fd7afecdb556c50c9e8de78 -> 
  custom:audio-decoder-ogg-vorbis: bf7c407c2cedff20999df2af8eb42d56 -> 
========================================================================
Received Import Request.
  Time since last request: 44.047434 seconds.
  path: Assets/[Devloping]/Scenes/GamePlay.unity
  artifactKey: Guid(c14ffec72ecfe144b9ff51a6a4243f0c) Importer(815301076,1909f56bfc062723c751e8b465ee728b)
Start importing Assets/[Devloping]/Scenes/GamePlay.unity using Guid(c14ffec72ecfe144b9ff51a6a4243f0c) Importer(815301076,1909f56bfc062723c751e8b465ee728b)  -> (artifact id: '5cd0e264a607957f8e37161a47822676') in 0.009245 seconds 
========================================================================
Received Import Request.
  Time since last request: 151.070660 seconds.
  path: Assets/GoogleMobileAds/Resources/GoogleMobileAdsSettings.asset
  artifactKey: Guid(4faa4215774e4db44af646ae3eedd01a) Importer(815301076,1909f56bfc062723c751e8b465ee728b)
Start importing Assets/GoogleMobileAds/Resources/GoogleMobileAdsSettings.asset using Guid(4faa4215774e4db44af646ae3eedd01a) Importer(815301076,1909f56bfc062723c751e8b465ee728b)  -> (artifact id: '8ec8435586d1a221b3d8e7c39db92bca') in 0.020746 seconds 
========================================================================
Received Import Request.
  Time since last request: 17.949577 seconds.
  path: Assets/GoogleMobileAds/Resources/GoogleMobileAdsSettings.asset
  artifactKey: Guid(4faa4215774e4db44af646ae3eedd01a) Importer(815301076,1909f56bfc062723c751e8b465ee728b)
Start importing Assets/GoogleMobileAds/Resources/GoogleMobileAdsSettings.asset using Guid(4faa4215774e4db44af646ae3eedd01a) Importer(815301076,1909f56bfc062723c751e8b465ee728b)  -> (artifact id: '1175c6ee64f73f60e49d4a0e413a54b2') in 0.002167 seconds 
========================================================================
Received Prepare
Refreshing native plugins compatible for Editor in 12.73 ms, found 7 plugins.
Preloading 0 native plugins for Editor in 0.00 ms.
Unloading 85 Unused Serialized files (Serialized files now loaded: 0)
Unloading 85 unused Assets / (24.1 KB). Loaded Objects now: 4983.
Memory consumption went from 82.8 MB to 82.8 MB.
Total: 4.978400 ms (FindLiveObjects: 0.521400 ms CreateObjectMapping: 0.385600 ms MarkObjects: 4.021300 ms  DeleteObjects: 0.049500 ms)

AssetImportParameters requested are different than current active one (requested -> active):
  custom:video-decoder-ogg-theora: a1e56fd34408186e4bbccfd4996cb3dc -> 
  custom:container-muxer-webm: aa71ff27fc2769a1b78a27578f13a17b -> 
  custom:container-demuxer-webm: 4f35f7cbe854078d1ac9338744f61a02 -> 
  custom:video-encoder-webm-vp8: eb34c28f22e8b96e1ab97ce403110664 -> 
  custom:audio-encoder-webm-vorbis: bf7c407c2cedff20999df2af8eb42d56 -> 
  custom:framework-win-MediaFoundation: 216162199b28c13a410421893ffa2e32 -> 
  custom:container-demuxer-ogg: 62fdf1f143b41e24485cea50d1cbac27 -> 
  custom:video-decoder-webm-vp8: 9c59270c3fd7afecdb556c50c9e8de78 -> 
  custom:audio-decoder-ogg-vorbis: bf7c407c2cedff20999df2af8eb42d56 -> 
========================================================================
Received Prepare
Refreshing native plugins compatible for Editor in 8.52 ms, found 7 plugins.
Preloading 0 native plugins for Editor in 0.00 ms.
Unloading 85 Unused Serialized files (Serialized files now loaded: 0)
Unloading 85 unused Assets / (24.0 KB). Loaded Objects now: 4983.
Memory consumption went from 82.8 MB to 82.8 MB.
Total: 4.889200 ms (FindLiveObjects: 0.369000 ms CreateObjectMapping: 0.155800 ms MarkObjects: 4.315200 ms  DeleteObjects: 0.047700 ms)

AssetImportParameters requested are different than current active one (requested -> active):
  custom:video-decoder-ogg-theora: a1e56fd34408186e4bbccfd4996cb3dc -> 
  custom:container-muxer-webm: aa71ff27fc2769a1b78a27578f13a17b -> 
  custom:container-demuxer-webm: 4f35f7cbe854078d1ac9338744f61a02 -> 
  custom:video-encoder-webm-vp8: eb34c28f22e8b96e1ab97ce403110664 -> 
  custom:audio-encoder-webm-vorbis: bf7c407c2cedff20999df2af8eb42d56 -> 
  custom:framework-win-MediaFoundation: 216162199b28c13a410421893ffa2e32 -> 
  custom:container-demuxer-ogg: 62fdf1f143b41e24485cea50d1cbac27 -> 
  custom:video-decoder-webm-vp8: 9c59270c3fd7afecdb556c50c9e8de78 -> 
  custom:audio-decoder-ogg-vorbis: bf7c407c2cedff20999df2af8eb42d56 -> 
========================================================================
Received Import Request.
  Time since last request: 323.478428 seconds.
  path: Assets/[Devloping]/2D/icons/Newest/432.png
  artifactKey: Guid(1bb248f63ca8bf24f99e1e1a2b2c7444) Importer(815301076,1909f56bfc062723c751e8b465ee728b)
Start importing Assets/[Devloping]/2D/icons/Newest/432.png using Guid(1bb248f63ca8bf24f99e1e1a2b2c7444) Importer(815301076,1909f56bfc062723c751e8b465ee728b)  -> (artifact id: 'b195549c5c51f0348fc678b906352e96') in 0.055594 seconds 
========================================================================
Received Import Request.
  Time since last request: 0.000051 seconds.
  path: Assets/[Devloping]/2D/icons/Newest/81 round.png
  artifactKey: Guid(c01c63b173597cd45bdcef935b7df6ff) Importer(815301076,1909f56bfc062723c751e8b465ee728b)
Start importing Assets/[Devloping]/2D/icons/Newest/81 round.png using Guid(c01c63b173597cd45bdcef935b7df6ff) Importer(815301076,1909f56bfc062723c751e8b465ee728b)  -> (artifact id: '71b634259ef03dd1420678449b90a2c3') in 0.020270 seconds 
========================================================================
Received Import Request.
  Time since last request: 0.000088 seconds.
  path: Assets/[Devloping]/2D/icons/Newest/96 round.png
  artifactKey: Guid(0f671d437478ef24aa41fc367dc5f342) Importer(815301076,1909f56bfc062723c751e8b465ee728b)
Start importing Assets/[Devloping]/2D/icons/Newest/96 round.png using Guid(0f671d437478ef24aa41fc367dc5f342) Importer(815301076,1909f56bfc062723c751e8b465ee728b)  -> (artifact id: '421547a44f88cdfb03b4d3c9dcde3c02') in 0.018414 seconds 
========================================================================
Received Import Request.
  Time since last request: 0.000039 seconds.
  path: Assets/[Devloping]/2D/icons/Newest/81.png
  artifactKey: Guid(8103c87ef9f761448ab8a358e06ade77) Importer(815301076,1909f56bfc062723c751e8b465ee728b)
Start importing Assets/[Devloping]/2D/icons/Newest/81.png using Guid(8103c87ef9f761448ab8a358e06ade77) Importer(815301076,1909f56bfc062723c751e8b465ee728b)  -> (artifact id: 'd6c63a30f3b239f05e4b167bb86ed514') in 0.014852 seconds 
========================================================================
Received Import Request.
  Time since last request: 0.000039 seconds.
  path: Assets/[Devloping]/2D/icons/Newest/72 round.png
  artifactKey: Guid(9c7547810ad79f54db9081457764b13f) Importer(815301076,1909f56bfc062723c751e8b465ee728b)
Start importing Assets/[Devloping]/2D/icons/Newest/72 round.png using Guid(9c7547810ad79f54db9081457764b13f) Importer(815301076,1909f56bfc062723c751e8b465ee728b)  -> (artifact id: '419e41ac654622eb3e5595aa3a7e72dd') in 0.017393 seconds 
========================================================================
Received Import Request.
  Time since last request: 0.000026 seconds.
  path: Assets/[Devloping]/2D/icons/Newest/108.png
  artifactKey: Guid(2c1261ffa3978f04ca62c24271a4cc97) Importer(815301076,1909f56bfc062723c751e8b465ee728b)
Start importing Assets/[Devloping]/2D/icons/Newest/108.png using Guid(2c1261ffa3978f04ca62c24271a4cc97) Importer(815301076,1909f56bfc062723c751e8b465ee728b)  -> (artifact id: '05b500cca4ed6bb0fe070f890b1aca44') in 0.015636 seconds 
========================================================================
Received Import Request.
  Time since last request: 0.000041 seconds.
  path: Assets/[Devloping]/2D/icons/Newest/108 round.png
  artifactKey: Guid(283bedcf20f2a104585e8ed26fae4f09) Importer(815301076,1909f56bfc062723c751e8b465ee728b)
Start importing Assets/[Devloping]/2D/icons/Newest/108 round.png using Guid(283bedcf20f2a104585e8ed26fae4f09) Importer(815301076,1909f56bfc062723c751e8b465ee728b)  -> (artifact id: 'c3c057d801f19e360b05d643a1b10990') in 0.015519 seconds 
========================================================================
Received Import Request.
  Time since last request: 0.000041 seconds.
  path: Assets/[Devloping]/2D/icons/Newest/144 round.png
  artifactKey: Guid(fef83e35cd94221449b6ace35424fed7) Importer(815301076,1909f56bfc062723c751e8b465ee728b)
Start importing Assets/[Devloping]/2D/icons/Newest/144 round.png using Guid(fef83e35cd94221449b6ace35424fed7) Importer(815301076,1909f56bfc062723c751e8b465ee728b)  -> (artifact id: '4564d69674b3e63592485cd0a007ab5b') in 0.016747 seconds 
========================================================================
Received Import Request.
  Time since last request: 0.000041 seconds.
  path: Assets/[Devloping]/2D/icons/Newest/144.png
  artifactKey: Guid(89b4a9f6c8b402b48851632f0c12fe18) Importer(815301076,1909f56bfc062723c751e8b465ee728b)
Start importing Assets/[Devloping]/2D/icons/Newest/144.png using Guid(89b4a9f6c8b402b48851632f0c12fe18) Importer(815301076,1909f56bfc062723c751e8b465ee728b)  -> (artifact id: '2f1a6f90120b6c115de1275437287f2d') in 0.015312 seconds 
========================================================================
Received Import Request.
  Time since last request: 1.088742 seconds.
  path: Assets/[Devloping]/2D/icons/Newest/192 round.png
  artifactKey: Guid(08a2993748ddf5c44a79c3e6a63f80d0) Importer(815301076,1909f56bfc062723c751e8b465ee728b)
Start importing Assets/[Devloping]/2D/icons/Newest/192 round.png using Guid(08a2993748ddf5c44a79c3e6a63f80d0) Importer(815301076,1909f56bfc062723c751e8b465ee728b)  -> (artifact id: 'e5eb73636fc6ac0260aaf828035bc31c') in 0.021537 seconds 
========================================================================
Received Import Request.
  Time since last request: 0.000047 seconds.
  path: Assets/[Devloping]/2D/icons/Newest/216.png
  artifactKey: Guid(a0febcc335ed2064686356dc4d1f61b5) Importer(815301076,1909f56bfc062723c751e8b465ee728b)
Start importing Assets/[Devloping]/2D/icons/Newest/216.png using Guid(a0febcc335ed2064686356dc4d1f61b5) Importer(815301076,1909f56bfc062723c751e8b465ee728b)  -> (artifact id: 'cb8d638b7905429cfd5bce7fa78821ef') in 0.025112 seconds 
========================================================================
Received Import Request.
  Time since last request: 8.837210 seconds.
  path: Assets/[Devloping]/2D/icons/Newest/432.png
  artifactKey: Guid(1bb248f63ca8bf24f99e1e1a2b2c7444) Importer(815301076,1909f56bfc062723c751e8b465ee728b)
Start importing Assets/[Devloping]/2D/icons/Newest/432.png using Guid(1bb248f63ca8bf24f99e1e1a2b2c7444) Importer(815301076,1909f56bfc062723c751e8b465ee728b)  -> (artifact id: '7f423f3c0dec48ebaff69f2e215bddb9') in 0.043125 seconds 
========================================================================
Received Import Request.
  Time since last request: 0.000028 seconds.
  path: Assets/[Devloping]/2D/icons/Newest/324.png
  artifactKey: Guid(8e158a20d0288504f81c810018716b63) Importer(815301076,1909f56bfc062723c751e8b465ee728b)
Start importing Assets/[Devloping]/2D/icons/Newest/324.png using Guid(8e158a20d0288504f81c810018716b63) Importer(815301076,1909f56bfc062723c751e8b465ee728b)  -> (artifact id: 'dcba4448798f86e5c566a6b838632bca') in 0.032626 seconds 
========================================================================
Received Import Request.
  Time since last request: 0.000040 seconds.
  path: Assets/[Devloping]/2D/icons/Newest/216.png
  artifactKey: Guid(a0febcc335ed2064686356dc4d1f61b5) Importer(815301076,1909f56bfc062723c751e8b465ee728b)
Start importing Assets/[Devloping]/2D/icons/Newest/216.png using Guid(a0febcc335ed2064686356dc4d1f61b5) Importer(815301076,1909f56bfc062723c751e8b465ee728b)  -> (artifact id: '0f4948351daf7f813579c8018cb6eca0') in 0.028920 seconds 
========================================================================
Received Import Request.
  Time since last request: 0.000031 seconds.
  path: Assets/[Devloping]/2D/icons/Newest/192.png
  artifactKey: Guid(fb839bf8445ea47489a943b841fdb2b7) Importer(815301076,1909f56bfc062723c751e8b465ee728b)
Start importing Assets/[Devloping]/2D/icons/Newest/192.png using Guid(fb839bf8445ea47489a943b841fdb2b7) Importer(815301076,1909f56bfc062723c751e8b465ee728b)  -> (artifact id: '8483af555ba88610e781252153b72f00') in 0.025019 seconds 
========================================================================
Received Import Request.
  Time since last request: 0.843503 seconds.
  path: Assets/[Devloping]/2D/icons/Newest/108 round.png
  artifactKey: Guid(283bedcf20f2a104585e8ed26fae4f09) Importer(815301076,1909f56bfc062723c751e8b465ee728b)
Start importing Assets/[Devloping]/2D/icons/Newest/108 round.png using Guid(283bedcf20f2a104585e8ed26fae4f09) Importer(815301076,1909f56bfc062723c751e8b465ee728b)  -> (artifact id: '380c0ab0894f11435c7a3a399d8f8179') in 0.022702 seconds 
========================================================================
Received Import Request.
  Time since last request: 0.000047 seconds.
  path: Assets/[Devloping]/2D/icons/Newest/144.png
  artifactKey: Guid(89b4a9f6c8b402b48851632f0c12fe18) Importer(815301076,1909f56bfc062723c751e8b465ee728b)
Start importing Assets/[Devloping]/2D/icons/Newest/144.png using Guid(89b4a9f6c8b402b48851632f0c12fe18) Importer(815301076,1909f56bfc062723c751e8b465ee728b)  -> (artifact id: 'b269bd7a7e5da3766117d6ae6037bdc1') in 0.019992 seconds 
========================================================================
Received Import Request.
  Time since last request: 73.748766 seconds.
  path: Assets/[Devloping]/2D/icons/Newest/36 round.png
  artifactKey: Guid(900842b97bc83634896ca35c093d9ae0) Importer(815301076,1909f56bfc062723c751e8b465ee728b)
Start importing Assets/[Devloping]/2D/icons/Newest/36 round.png using Guid(900842b97bc83634896ca35c093d9ae0) Importer(815301076,1909f56bfc062723c751e8b465ee728b)  -> (artifact id: '1eb0b8bf9f28a2f99273de28833c6cb2') in 0.031924 seconds 
========================================================================
Received Import Request.
  Time since last request: 0.000029 seconds.
  path: Assets/[Devloping]/2D/icons/Newest/81 round.png
  artifactKey: Guid(c01c63b173597cd45bdcef935b7df6ff) Importer(815301076,1909f56bfc062723c751e8b465ee728b)
Start importing Assets/[Devloping]/2D/icons/Newest/81 round.png using Guid(c01c63b173597cd45bdcef935b7df6ff) Importer(815301076,1909f56bfc062723c751e8b465ee728b)  -> (artifact id: '9a7a47db2fa905fafef076ca508428fb') in 0.029592 seconds 
========================================================================
Received Import Request.
  Time since last request: 0.000036 seconds.
  path: Assets/[Devloping]/2D/icons/Newest/96.png
  artifactKey: Guid(0bceb6dabfcc94442b38a9f79e7d2364) Importer(815301076,1909f56bfc062723c751e8b465ee728b)
Start importing Assets/[Devloping]/2D/icons/Newest/96.png using Guid(0bceb6dabfcc94442b38a9f79e7d2364) Importer(815301076,1909f56bfc062723c751e8b465ee728b)  -> (artifact id: '31189ea18f16c87892c2fd97b2af599a') in 0.031161 seconds 
========================================================================
Received Import Request.
  Time since last request: 0.000110 seconds.
  path: Assets/[Devloping]/2D/icons/Newest/48 round.png
  artifactKey: Guid(481119314c86cb04eb9111c4ee852a66) Importer(815301076,1909f56bfc062723c751e8b465ee728b)
Start importing Assets/[Devloping]/2D/icons/Newest/48 round.png using Guid(481119314c86cb04eb9111c4ee852a66) Importer(815301076,1909f56bfc062723c751e8b465ee728b)  -> (artifact id: '19c3b23da4c2f5ccc29f9b186e393a81') in 0.028427 seconds 
========================================================================
Received Import Request.
  Time since last request: 0.000022 seconds.
  path: Assets/[Devloping]/2D/icons/Newest/72.png
  artifactKey: Guid(71103a1ef09bf3a499a61e60a8c366e7) Importer(815301076,1909f56bfc062723c751e8b465ee728b)
Start importing Assets/[Devloping]/2D/icons/Newest/72.png using Guid(71103a1ef09bf3a499a61e60a8c366e7) Importer(815301076,1909f56bfc062723c751e8b465ee728b)  -> (artifact id: '87b0aac878dea85254a6e5b328219925') in 0.028767 seconds 
========================================================================
Received Import Request.
  Time since last request: 51.864378 seconds.
  path: Assets/[Devloping]/2D/icons/Newest/Round/48 round.png
  artifactKey: Guid(4207077dc4146a64a86035387fc8fb48) Importer(815301076,1909f56bfc062723c751e8b465ee728b)
Start importing Assets/[Devloping]/2D/icons/Newest/Round/48 round.png using Guid(4207077dc4146a64a86035387fc8fb48) Importer(815301076,1909f56bfc062723c751e8b465ee728b)  -> (artifact id: '6a88cf0473ec7403e352c87da4d447d0') in 0.016773 seconds 
========================================================================
Received Import Request.
  Time since last request: 0.000041 seconds.
  path: Assets/[Devloping]/2D/icons/Newest/Round/144 round.png
  artifactKey: Guid(98a918d0daf63e64e8886aacfc508e92) Importer(815301076,1909f56bfc062723c751e8b465ee728b)
Start importing Assets/[Devloping]/2D/icons/Newest/Round/144 round.png using Guid(98a918d0daf63e64e8886aacfc508e92) Importer(815301076,1909f56bfc062723c751e8b465ee728b)  -> (artifact id: 'ce917af9ee6644c01f06b1a7f9b0bcb3') in 0.015635 seconds 
========================================================================
Received Import Request.
  Time since last request: 0.000078 seconds.
  path: Assets/[Devloping]/2D/icons/Newest/Round/162 round.png
  artifactKey: Guid(77bd29443cce4fe41a59021d1b18ba30) Importer(815301076,1909f56bfc062723c751e8b465ee728b)
Start importing Assets/[Devloping]/2D/icons/Newest/Round/162 round.png using Guid(77bd29443cce4fe41a59021d1b18ba30) Importer(815301076,1909f56bfc062723c751e8b465ee728b)  -> (artifact id: '079a3f775cc8d35d38e9f1707b3270e4') in 0.023974 seconds 
========================================================================
Received Import Request.
  Time since last request: 0.000041 seconds.
  path: Assets/[Devloping]/2D/icons/Newest/Round/81 round.png
  artifactKey: Guid(60c28bbf9bbbe8b46b13538ffa05d528) Importer(815301076,1909f56bfc062723c751e8b465ee728b)
Start importing Assets/[Devloping]/2D/icons/Newest/Round/81 round.png using Guid(60c28bbf9bbbe8b46b13538ffa05d528) Importer(815301076,1909f56bfc062723c751e8b465ee728b)  -> (artifact id: '6a00a7e0cb3088e0de52705a7e868199') in 0.016703 seconds 
========================================================================
Received Import Request.
  Time since last request: 29.668612 seconds.
  path: Assets/[Devloping]/2D/icons/36.png
  artifactKey: Guid(11708ea055fc06b4f884d6d0542fc240) Importer(815301076,1909f56bfc062723c751e8b465ee728b)
Start importing Assets/[Devloping]/2D/icons/36.png using Guid(11708ea055fc06b4f884d6d0542fc240) Importer(815301076,1909f56bfc062723c751e8b465ee728b)  -> (artifact id: '6ceb6bdafd91a92bd809bca65b7416d5') in 0.017813 seconds 
========================================================================
Received Import Request.
  Time since last request: 0.000026 seconds.
  path: Assets/[Devloping]/2D/icons/81.png
  artifactKey: Guid(78c7d00aa61194a4ebe6c3bd2a206005) Importer(815301076,1909f56bfc062723c751e8b465ee728b)
Start importing Assets/[Devloping]/2D/icons/81.png using Guid(78c7d00aa61194a4ebe6c3bd2a206005) Importer(815301076,1909f56bfc062723c751e8b465ee728b)  -> (artifact id: 'd5452058c696f44ea8ed6021087878ce') in 0.012889 seconds 
========================================================================
Received Import Request.
  Time since last request: 0.000030 seconds.
  path: Assets/[Devloping]/2D/icons/72 round.png
  artifactKey: Guid(178932a321ee1b34e886b70c56841b85) Importer(815301076,1909f56bfc062723c751e8b465ee728b)
Start importing Assets/[Devloping]/2D/icons/72 round.png using Guid(178932a321ee1b34e886b70c56841b85) Importer(815301076,1909f56bfc062723c751e8b465ee728b)  -> (artifact id: 'd40c1f905f80c2bea0351826659fd935') in 0.011127 seconds 
========================================================================
Received Import Request.
  Time since last request: 0.000022 seconds.
  path: Assets/[Devloping]/2D/icons/48.png
  artifactKey: Guid(9f4628afd1a9c104c97187485d6f05c6) Importer(815301076,1909f56bfc062723c751e8b465ee728b)
Start importing Assets/[Devloping]/2D/icons/48.png using Guid(9f4628afd1a9c104c97187485d6f05c6) Importer(815301076,1909f56bfc062723c751e8b465ee728b)  -> (artifact id: '687950de1ab5c4f53ef7336e0a874968') in 0.015248 seconds 
========================================================================
Received Import Request.
  Time since last request: 0.000038 seconds.
  path: Assets/[Devloping]/2D/icons/144.png
  artifactKey: Guid(69604974a0ce6a44d9a4cfedf662c8a8) Importer(815301076,1909f56bfc062723c751e8b465ee728b)
Start importing Assets/[Devloping]/2D/icons/144.png using Guid(69604974a0ce6a44d9a4cfedf662c8a8) Importer(815301076,1909f56bfc062723c751e8b465ee728b)  -> (artifact id: 'e7a39111032f1574bc3b9caa7ba97bb0') in 0.019582 seconds 
========================================================================
Received Import Request.
  Time since last request: 0.000045 seconds.
  path: Assets/[Devloping]/2D/icons/96 round.png
  artifactKey: Guid(ec36dc7f095d1154a8bc41fdb2f36482) Importer(815301076,1909f56bfc062723c751e8b465ee728b)
Start importing Assets/[Devloping]/2D/icons/96 round.png using Guid(ec36dc7f095d1154a8bc41fdb2f36482) Importer(815301076,1909f56bfc062723c751e8b465ee728b)  -> (artifact id: '631adb72937ffff8c6e68c93cba0e4c5') in 0.012337 seconds 
========================================================================
Received Import Request.
  Time since last request: 19.409940 seconds.
  path: Assets/[Devloping]/2D/icons/216.png
  artifactKey: Guid(9f818fbb66870dc4fad32647db06c140) Importer(815301076,1909f56bfc062723c751e8b465ee728b)
Start importing Assets/[Devloping]/2D/icons/216.png using Guid(9f818fbb66870dc4fad32647db06c140) Importer(815301076,1909f56bfc062723c751e8b465ee728b)  -> (artifact id: 'f39939e9211b83a3980cf8725bb765b7') in 0.020429 seconds 
========================================================================
Received Import Request.
  Time since last request: 7.374238 seconds.
  path: Assets/[Devloping]/2D/icons/96.png
  artifactKey: Guid(aaaa4e44bdf5ca742b81111f4e004f51) Importer(815301076,1909f56bfc062723c751e8b465ee728b)
Start importing Assets/[Devloping]/2D/icons/96.png using Guid(aaaa4e44bdf5ca742b81111f4e004f51) Importer(815301076,1909f56bfc062723c751e8b465ee728b)  -> (artifact id: 'c3ede01bbd640c7db9fcd72a4171bc79') in 0.035025 seconds 
========================================================================
Received Import Request.
  Time since last request: 0.000037 seconds.
  path: Assets/[Devloping]/2D/icons/162.png
  artifactKey: Guid(b30dc87c63b44064b882e1bafe203296) Importer(815301076,1909f56bfc062723c751e8b465ee728b)
Start importing Assets/[Devloping]/2D/icons/162.png using Guid(b30dc87c63b44064b882e1bafe203296) Importer(815301076,1909f56bfc062723c751e8b465ee728b)  -> (artifact id: '00eef9da9ae87aeb422e9ff1a15d3ee7') in 0.040094 seconds 
========================================================================
Received Import Request.
  Time since last request: 0.000087 seconds.
  path: Assets/[Devloping]/2D/icons/324.png
  artifactKey: Guid(6ad57fc9072481e4fb8bae721b76e57c) Importer(815301076,1909f56bfc062723c751e8b465ee728b)
Start importing Assets/[Devloping]/2D/icons/324.png using Guid(6ad57fc9072481e4fb8bae721b76e57c) Importer(815301076,1909f56bfc062723c751e8b465ee728b)  -> (artifact id: 'c666a377230904cc17be8acceaf54af3') in 0.025315 seconds 
========================================================================
Received Import Request.
  Time since last request: 0.178239 seconds.
  path: Assets/[Devloping]/2D/icons/48.png
  artifactKey: Guid(9f4628afd1a9c104c97187485d6f05c6) Importer(815301076,1909f56bfc062723c751e8b465ee728b)
Start importing Assets/[Devloping]/2D/icons/48.png using Guid(9f4628afd1a9c104c97187485d6f05c6) Importer(815301076,1909f56bfc062723c751e8b465ee728b)  -> (artifact id: 'c938d953bb3bf5d4334e82047bcf2cf7') in 0.019626 seconds 
========================================================================
Received Import Request.
  Time since last request: 0.604089 seconds.
  path: Assets/[Devloping]/2D/icons/Round/48 round.png
  artifactKey: Guid(f356316ff436c104babfe4bf93e7e745) Importer(815301076,1909f56bfc062723c751e8b465ee728b)
Start importing Assets/[Devloping]/2D/icons/Round/48 round.png using Guid(f356316ff436c104babfe4bf93e7e745) Importer(815301076,1909f56bfc062723c751e8b465ee728b)  -> (artifact id: 'dae22af25ffb6910c377b878239291a1') in 0.009217 seconds 
========================================================================
Received Import Request.
  Time since last request: 0.000030 seconds.
  path: Assets/[Devloping]/2D/icons/Round/108 round.png
  artifactKey: Guid(cb12224f2e8b18547add9b3fd03d7cd2) Importer(815301076,1909f56bfc062723c751e8b465ee728b)
Start importing Assets/[Devloping]/2D/icons/Round/108 round.png using Guid(cb12224f2e8b18547add9b3fd03d7cd2) Importer(815301076,1909f56bfc062723c751e8b465ee728b)  -> (artifact id: '906a7564d0597eed09a5ce77499a3124') in 0.015373 seconds 
========================================================================
Received Import Request.
  Time since last request: 0.000054 seconds.
  path: Assets/[Devloping]/2D/icons/Round/192 round.png
  artifactKey: Guid(2f1e4fdc72da08f419dd8b5d0ccea1f6) Importer(815301076,1909f56bfc062723c751e8b465ee728b)
Start importing Assets/[Devloping]/2D/icons/Round/192 round.png using Guid(2f1e4fdc72da08f419dd8b5d0ccea1f6) Importer(815301076,1909f56bfc062723c751e8b465ee728b)  -> (artifact id: 'd7bd8a4eef58695cf34e836ed4a76cc1') in 0.016773 seconds 
========================================================================
Received Import Request.
  Time since last request: 4.511538 seconds.
  path: Assets/[Devloping]/2D/icons/Round/48 round.png
  artifactKey: Guid(f356316ff436c104babfe4bf93e7e745) Importer(815301076,1909f56bfc062723c751e8b465ee728b)
Start importing Assets/[Devloping]/2D/icons/Round/48 round.png using Guid(f356316ff436c104babfe4bf93e7e745) Importer(815301076,1909f56bfc062723c751e8b465ee728b)  -> (artifact id: '902d26b3e4ecb9477cacc7d7617b7b1a') in 0.023647 seconds 
========================================================================
Received Import Request.
  Time since last request: 0.000047 seconds.
  path: Assets/[Devloping]/2D/icons/Round/162 round.png
  artifactKey: Guid(de839baa216ea1041ba382d3828b7cbd) Importer(815301076,1909f56bfc062723c751e8b465ee728b)
Start importing Assets/[Devloping]/2D/icons/Round/162 round.png using Guid(de839baa216ea1041ba382d3828b7cbd) Importer(815301076,1909f56bfc062723c751e8b465ee728b)  -> (artifact id: '550f1216c7562d36174f74479673b6b1') in 0.024456 seconds 
========================================================================
Received Import Request.
  Time since last request: 0.000059 seconds.
  path: Assets/[Devloping]/2D/icons/Round/192 round.png
  artifactKey: Guid(2f1e4fdc72da08f419dd8b5d0ccea1f6) Importer(815301076,1909f56bfc062723c751e8b465ee728b)
Start importing Assets/[Devloping]/2D/icons/Round/192 round.png using Guid(2f1e4fdc72da08f419dd8b5d0ccea1f6) Importer(815301076,1909f56bfc062723c751e8b465ee728b)  -> (artifact id: '2a7d84abc124eba366058d09c1d96340') in 0.027119 seconds 
========================================================================
Received Prepare
Refreshing native plugins compatible for Editor in 11.25 ms, found 7 plugins.
Preloading 0 native plugins for Editor in 0.00 ms.
Unloading 85 Unused Serialized files (Serialized files now loaded: 0)
Unloading 103 unused Assets / (27.4 KB). Loaded Objects now: 4993.
Memory consumption went from 83.5 MB to 83.4 MB.
Total: 4.319000 ms (FindLiveObjects: 0.325600 ms CreateObjectMapping: 0.159100 ms MarkObjects: 3.633400 ms  DeleteObjects: 0.200200 ms)

AssetImportParameters requested are different than current active one (requested -> active):
  custom:video-decoder-ogg-theora: a1e56fd34408186e4bbccfd4996cb3dc -> 
  custom:container-muxer-webm: aa71ff27fc2769a1b78a27578f13a17b -> 
  custom:container-demuxer-webm: 4f35f7cbe854078d1ac9338744f61a02 -> 
  custom:video-encoder-webm-vp8: eb34c28f22e8b96e1ab97ce403110664 -> 
  custom:audio-encoder-webm-vorbis: bf7c407c2cedff20999df2af8eb42d56 -> 
  custom:framework-win-MediaFoundation: 216162199b28c13a410421893ffa2e32 -> 
  custom:container-demuxer-ogg: 62fdf1f143b41e24485cea50d1cbac27 -> 
  custom:video-decoder-webm-vp8: 9c59270c3fd7afecdb556c50c9e8de78 -> 
  custom:audio-decoder-ogg-vorbis: bf7c407c2cedff20999df2af8eb42d56 -> 
========================================================================
Received Prepare
Refreshing native plugins compatible for Editor in 10.56 ms, found 7 plugins.
Preloading 0 native plugins for Editor in 0.00 ms.
Unloading 85 Unused Serialized files (Serialized files now loaded: 0)
Unloading 85 unused Assets / (24.1 KB). Loaded Objects now: 4993.
Memory consumption went from 83.4 MB to 83.4 MB.
Total: 4.303400 ms (FindLiveObjects: 0.480800 ms CreateObjectMapping: 0.220800 ms MarkObjects: 3.522100 ms  DeleteObjects: 0.077400 ms)

AssetImportParameters requested are different than current active one (requested -> active):
  custom:video-decoder-ogg-theora: a1e56fd34408186e4bbccfd4996cb3dc -> 
  custom:container-muxer-webm: aa71ff27fc2769a1b78a27578f13a17b -> 
  custom:container-demuxer-webm: 4f35f7cbe854078d1ac9338744f61a02 -> 
  custom:video-encoder-webm-vp8: eb34c28f22e8b96e1ab97ce403110664 -> 
  custom:audio-encoder-webm-vorbis: bf7c407c2cedff20999df2af8eb42d56 -> 
  custom:framework-win-MediaFoundation: 216162199b28c13a410421893ffa2e32 -> 
  custom:container-demuxer-ogg: 62fdf1f143b41e24485cea50d1cbac27 -> 
  custom:video-decoder-webm-vp8: 9c59270c3fd7afecdb556c50c9e8de78 -> 
  custom:audio-decoder-ogg-vorbis: bf7c407c2cedff20999df2af8eb42d56 -> 
